2026-04-07 22:32:59,421 INFO o.a.j.u.JMeterUtils: Setting Locale to zh_CN
2026-04-07 22:32:59,442 INFO o.a.j.JMeter: Loading user properties from: D:\Java Code\IdeaProjects\spring-boot-management-system\tools\apache-jmeter-5.6.3\apache-jmeter-5.6.3\bin\user.properties
2026-04-07 22:32:59,442 INFO o.a.j.JMeter: Loading system properties from: D:\Java Code\IdeaProjects\spring-boot-management-system\tools\apache-jmeter-5.6.3\apache-jmeter-5.6.3\bin\system.properties
2026-04-07 22:32:59,442 INFO o.a.j.JMeter: Setting JMeter property: host=localhost
2026-04-07 22:32:59,442 INFO o.a.j.JMeter: Setting JMeter property: port=8080
2026-04-07 22:32:59,442 INFO o.a.j.JMeter: Setting JMeter property: threads=20
2026-04-07 22:32:59,443 INFO o.a.j.JMeter: Setting JMeter property: rampUp=10
2026-04-07 22:32:59,443 INFO o.a.j.JMeter: Setting JMeter property: duration=60
2026-04-07 22:32:59,449 INFO o.a.j.JMeter: Copyright (c) 1998-2024 The Apache Software Foundation
2026-04-07 22:32:59,450 INFO o.a.j.JMeter: Version 5.6.3
2026-04-07 22:32:59,450 INFO o.a.j.JMeter: java.version=21.0.2
2026-04-07 22:32:59,450 INFO o.a.j.JMeter: java.vm.name=Java HotSpot(TM) 64-Bit Server VM
2026-04-07 22:32:59,450 INFO o.a.j.JMeter: os.name=Windows 11
2026-04-07 22:32:59,450 INFO o.a.j.JMeter: os.arch=amd64
2026-04-07 22:32:59,450 INFO o.a.j.JMeter: os.version=10.0
2026-04-07 22:32:59,450 INFO o.a.j.JMeter: file.encoding=UTF-8
2026-04-07 22:32:59,450 INFO o.a.j.JMeter: java.awt.headless=true
2026-04-07 22:32:59,450 INFO o.a.j.JMeter: Max memory     =1073741824
2026-04-07 22:32:59,450 INFO o.a.j.JMeter: Available Processors =20
2026-04-07 22:32:59,468 INFO o.a.j.JMeter: Default Locale=English (EN)
2026-04-07 22:32:59,468 INFO o.a.j.JMeter: JMeter  Locale=Chinese (China)
2026-04-07 22:32:59,468 INFO o.a.j.JMeter: JMeterHome=D:\Java Code\IdeaProjects\spring-boot-management-system\tools\apache-jmeter-5.6.3\apache-jmeter-5.6.3
2026-04-07 22:32:59,468 INFO o.a.j.JMeter: user.dir  =D:\Java Code\IdeaProjects\spring-boot-management-system
2026-04-07 22:32:59,469 INFO o.a.j.JMeter: PWD       =D:\Java Code\IdeaProjects\spring-boot-management-system
2026-04-07 22:32:59,470 INFO o.a.j.JMeter: IP: 26.26.26.1 Name: Predator FullName: Predator
2026-04-07 22:32:59,507 INFO o.a.j.JMeter: Setting property 'jmeter.reportgenerator.outputdir' to:'D:\Java Code\IdeaProjects\spring-boot-management-system\tmp\jmeter\admin-dashboard-20u-60s-report'
2026-04-07 22:32:59,513 INFO o.a.j.s.FileServer: Default base='D:\Java Code\IdeaProjects\spring-boot-management-system'
2026-04-07 22:32:59,518 INFO o.a.j.s.FileServer: Set new base='D:\Java Code\IdeaProjects\spring-boot-management-system\scripts\jmeter'
2026-04-07 22:32:59,769 INFO o.a.j.s.SaveService: Testplan (JMX) version: 2.2. Testlog (JTL) version: 2.2
2026-04-07 22:32:59,817 INFO o.a.j.s.SaveService: Using SaveService properties version 5.0
2026-04-07 22:32:59,823 INFO o.a.j.s.SaveService: Using SaveService properties file encoding UTF-8
2026-04-07 22:32:59,828 INFO o.a.j.s.SaveService: Loading file: D:\Java Code\IdeaProjects\spring-boot-management-system\scripts\jmeter\admin-dashboard-concurrency.jmx
2026-04-07 22:32:59,890 INFO o.a.j.p.h.c.CookieManager: Settings: Delete null: true Check: true Allow variable: true Save: false Prefix: COOKIE_
2026-04-07 22:32:59,922 INFO o.a.j.p.h.s.HTTPSamplerBase: Parser for text/html is org.apache.jmeter.protocol.http.parser.LagartoBasedHtmlParser
2026-04-07 22:32:59,923 INFO o.a.j.p.h.s.HTTPSamplerBase: Parser for application/xhtml+xml is org.apache.jmeter.protocol.http.parser.LagartoBasedHtmlParser
2026-04-07 22:32:59,923 INFO o.a.j.p.h.s.HTTPSamplerBase: Parser for application/xml is org.apache.jmeter.protocol.http.parser.LagartoBasedHtmlParser
2026-04-07 22:32:59,923 INFO o.a.j.p.h.s.HTTPSamplerBase: Parser for text/xml is org.apache.jmeter.protocol.http.parser.LagartoBasedHtmlParser
2026-04-07 22:32:59,923 INFO o.a.j.p.h.s.HTTPSamplerBase: Parser for text/vnd.wap.wml is org.apache.jmeter.protocol.http.parser.RegexpHTMLParser
2026-04-07 22:32:59,923 INFO o.a.j.p.h.s.HTTPSamplerBase: Parser for text/css is org.apache.jmeter.protocol.http.parser.CssParser
2026-04-07 22:32:59,945 INFO o.a.j.JMeter: Creating summariser <summary>
2026-04-07 22:32:59,960 INFO o.a.j.r.d.ReportGenerator: ReportGenerator will use for Parsing the separator: ','
2026-04-07 22:32:59,961 INFO o.a.j.r.d.ReportGenerator: Will generate report at end of test from  results file: D:\Java Code\IdeaProjects\spring-boot-management-system\tmp\jmeter\admin-dashboard-20u-60s.jtl
2026-04-07 22:32:59,961 INFO o.a.j.r.d.ReportGenerator: Reading report generator properties from: D:\Java Code\IdeaProjects\spring-boot-management-system\tools\apache-jmeter-5.6.3\apache-jmeter-5.6.3\bin\reportgenerator.properties
2026-04-07 22:32:59,965 INFO o.a.j.r.d.ReportGenerator: Merging with JMeter properties
2026-04-07 22:32:59,969 INFO o.a.j.r.c.ReportGeneratorConfiguration: Property 'jmeter.reportgenerator.temp_dir' not found, using default value 'temp' instead.
2026-04-07 22:32:59,971 INFO o.a.j.r.c.ReportGeneratorConfiguration: Property 'jmeter.reportgenerator.apdex_per_transaction' not found, using default value 'null' instead.
2026-04-07 22:32:59,971 INFO o.a.j.r.c.ReportGeneratorConfiguration: apdex_per_transaction is empty, not APDEX per transaction customization
2026-04-07 22:32:59,971 INFO o.a.j.r.c.ReportGeneratorConfiguration: Property 'jmeter.reportgenerator.sample_filter' not found, using default value 'null' instead.
2026-04-07 22:32:59,971 INFO o.a.j.r.c.ReportGeneratorConfiguration: Property 'jmeter.reportgenerator.report_title' not found, using default value 'null' instead.
2026-04-07 22:32:59,972 INFO o.a.j.r.c.ReportGeneratorConfiguration: Property 'jmeter.reportgenerator.start_date' not found, using default value 'null' instead.
2026-04-07 22:32:59,972 INFO o.a.j.r.c.ReportGeneratorConfiguration: Property 'jmeter.reportgenerator.end_date' not found, using default value 'null' instead.
2026-04-07 22:32:59,972 INFO o.a.j.r.c.ReportGeneratorConfiguration: Property 'jmeter.reportgenerator.date_format' not found, using default value 'null' instead.
2026-04-07 22:32:59,972 INFO o.a.j.r.c.ReportGeneratorConfiguration: Will use date range start date: null, end date: null
2026-04-07 22:32:59,979 INFO o.a.j.r.c.ReportGeneratorConfiguration: Property 'jmeter.reportgenerator.graph.totalTPS.exclude_controllers' not found, using default value 'false' instead.
2026-04-07 22:32:59,979 INFO o.a.j.r.c.ReportGeneratorConfiguration: Property 'jmeter.reportgenerator.graph.activeThreadsOverTime.exclude_controllers' not found, using default value 'false' instead.
2026-04-07 22:32:59,980 INFO o.a.j.r.c.ReportGeneratorConfiguration: Property 'jmeter.reportgenerator.graph.timeVsThreads.exclude_controllers' not found, using default value 'false' instead.
2026-04-07 22:32:59,980 INFO o.a.j.r.c.ReportGeneratorConfiguration: Property 'jmeter.reportgenerator.graph.responseTimeDistribution.exclude_controllers' not found, using default value 'false' instead.
2026-04-07 22:32:59,980 INFO o.a.j.r.c.ReportGeneratorConfiguration: Property 'jmeter.reportgenerator.graph.transactionsPerSecond.exclude_controllers' not found, using default value 'false' instead.
2026-04-07 22:32:59,980 INFO o.a.j.r.c.ReportGeneratorConfiguration: Property 'jmeter.reportgenerator.graph.responseTimePercentiles.exclude_controllers' not found, using default value 'false' instead.
2026-04-07 22:32:59,980 INFO o.a.j.r.c.ReportGeneratorConfiguration: Property 'jmeter.reportgenerator.graph.responseTimePercentilesOverTime.exclude_controllers' not found, using default value 'false' instead.
2026-04-07 22:32:59,980 INFO o.a.j.r.c.ReportGeneratorConfiguration: Property 'jmeter.reportgenerator.graph.responseTimesOverTime.exclude_controllers' not found, using default value 'false' instead.
2026-04-07 22:32:59,980 INFO o.a.j.r.c.ReportGeneratorConfiguration: Property 'jmeter.reportgenerator.graph.connectTimeOverTime.exclude_controllers' not found, using default value 'false' instead.
2026-04-07 22:32:59,980 INFO o.a.j.r.c.ReportGeneratorConfiguration: Property 'jmeter.reportgenerator.graph.latenciesOverTime.exclude_controllers' not found, using default value 'false' instead.
2026-04-07 22:32:59,981 INFO o.a.j.r.c.ReportGeneratorConfiguration: Property 'jmeter.reportgenerator.exporter.json.filters_only_sample_series' not found, using default value 'true' instead.
2026-04-07 22:32:59,981 INFO o.a.j.r.c.ReportGeneratorConfiguration: Property 'jmeter.reportgenerator.exporter.json.series_filter' not found, using default value '' instead.
2026-04-07 22:32:59,981 INFO o.a.j.r.c.ReportGeneratorConfiguration: Property 'jmeter.reportgenerator.exporter.json.show_controllers_only' not found, using default value 'false' instead.
2026-04-07 22:32:59,982 INFO o.a.j.r.c.ReportGeneratorConfiguration: Property 'jmeter.reportgenerator.exporter.html.filters_only_sample_series' not found, using default value 'true' instead.
2026-04-07 22:32:59,982 INFO o.a.j.r.c.ReportGeneratorConfiguration: Property 'jmeter.reportgenerator.exporter.html.series_filter' not found, using default value '' instead.
2026-04-07 22:32:59,982 INFO o.a.j.r.c.ReportGeneratorConfiguration: Property 'jmeter.reportgenerator.exporter.html.show_controllers_only' not found, using default value 'false' instead.
2026-04-07 22:33:00,005 INFO o.a.j.e.StandardJMeterEngine: Running the test!
2026-04-07 22:33:00,006 INFO o.a.j.s.SampleEvent: List of sample_variables: []
2026-04-07 22:33:00,006 INFO o.a.j.s.SampleEvent: List of sample_variables: []
2026-04-07 22:33:00,015 INFO o.a.j.e.u.CompoundVariable: Note: Function class names must contain the string: '.functions.'
2026-04-07 22:33:00,015 INFO o.a.j.e.u.CompoundVariable: Note: Function class names must not contain the string: '.gui.'
2026-04-07 22:33:00,171 INFO o.a.j.JMeter: 正在运行的测试 (1775572380171)
2026-04-07 22:33:00,188 INFO o.a.j.e.StandardJMeterEngine: Starting ThreadGroup: 1 : Concurrent Admin Users
2026-04-07 22:33:00,188 INFO o.a.j.e.StandardJMeterEngine: Starting 20 threads for group Concurrent Admin Users.
2026-04-07 22:33:00,188 INFO o.a.j.e.StandardJMeterEngine: Thread will continue on error
2026-04-07 22:33:00,188 INFO o.a.j.t.ThreadGroup: Starting thread group... number=1 threads=20 ramp-up=10 delayedStart=false
2026-04-07 22:33:00,209 INFO o.a.j.t.JMeterThread: Thread started: Concurrent Admin Users 1-1
2026-04-07 22:33:00,210 INFO o.a.j.t.ThreadGroup: Started thread group number 1
2026-04-07 22:33:00,210 INFO o.a.j.e.StandardJMeterEngine: All thread groups have been started
2026-04-07 22:33:00,239 INFO o.a.j.p.h.s.HTTPHCAbstractImpl: Local host = Predator
2026-04-07 22:33:00,246 INFO o.a.j.p.h.s.HTTPHC4Impl: HTTP request retry count = 0
2026-04-07 22:33:00,246 INFO o.a.j.s.SampleResult: Note: Sample TimeStamps are START times
2026-04-07 22:33:00,246 INFO o.a.j.s.SampleResult: sampleresult.default.encoding is set to UTF-8
2026-04-07 22:33:00,247 INFO o.a.j.s.SampleResult: sampleresult.useNanoTime=true
2026-04-07 22:33:00,247 INFO o.a.j.s.SampleResult: sampleresult.nanoThreadSleep=5000
2026-04-07 22:33:00,365 INFO o.a.j.r.Summariser: summary +      1 in 00:00:00 =    5.2/s Avg:    46 Min:    46 Max:    46 Err:     0 (0.00%) Active: 1 Started: 1 Finished: 0
2026-04-07 22:33:00,704 INFO o.a.j.t.JMeterThread: Thread started: Concurrent Admin Users 1-2
2026-04-07 22:33:01,203 INFO o.a.j.t.JMeterThread: Thread started: Concurrent Admin Users 1-3
2026-04-07 22:33:01,702 INFO o.a.j.t.JMeterThread: Thread started: Concurrent Admin Users 1-4
2026-04-07 22:33:02,201 INFO o.a.j.t.JMeterThread: Thread started: Concurrent Admin Users 1-5
2026-04-07 22:33:02,700 INFO o.a.j.t.JMeterThread: Thread started: Concurrent Admin Users 1-6
2026-04-07 22:33:03,199 INFO o.a.j.t.JMeterThread: Thread started: Concurrent Admin Users 1-7
2026-04-07 22:33:03,700 INFO o.a.j.t.JMeterThread: Thread started: Concurrent Admin Users 1-8
2026-04-07 22:33:04,198 INFO o.a.j.t.JMeterThread: Thread started: Concurrent Admin Users 1-9
2026-04-07 22:33:04,698 INFO o.a.j.t.JMeterThread: Thread started: Concurrent Admin Users 1-10
2026-04-07 22:33:05,196 INFO o.a.j.t.JMeterThread: Thread started: Concurrent Admin Users 1-11
2026-04-07 22:33:05,696 INFO o.a.j.t.JMeterThread: Thread started: Concurrent Admin Users 1-12
2026-04-07 22:33:06,193 INFO o.a.j.t.JMeterThread: Thread started: Concurrent Admin Users 1-13
2026-04-07 22:33:06,693 INFO o.a.j.t.JMeterThread: Thread started: Concurrent Admin Users 1-14
2026-04-07 22:33:07,196 INFO o.a.j.t.JMeterThread: Thread started: Concurrent Admin Users 1-15
2026-04-07 22:33:07,692 INFO o.a.j.t.JMeterThread: Thread started: Concurrent Admin Users 1-16
2026-04-07 22:33:08,192 INFO o.a.j.t.JMeterThread: Thread started: Concurrent Admin Users 1-17
2026-04-07 22:33:08,700 INFO o.a.j.t.JMeterThread: Thread started: Concurrent Admin Users 1-18
2026-04-07 22:33:09,191 INFO o.a.j.t.JMeterThread: Thread started: Concurrent Admin Users 1-19
2026-04-07 22:33:09,694 INFO o.a.j.t.JMeterThread: Thread started: Concurrent Admin Users 1-20
2026-04-07 22:33:30,000 INFO o.a.j.r.Summariser: summary +  13010 in 00:00:30 =  439.0/s Avg:    38 Min:     3 Max:   285 Err:     0 (0.00%) Active: 20 Started: 20 Finished: 0
2026-04-07 22:33:30,002 INFO o.a.j.r.Summariser: summary =  13011 in 00:00:30 =  436.2/s Avg:    38 Min:     3 Max:   285 Err:     0 (0.00%)
2026-04-07 22:34:00,002 INFO o.a.j.r.Summariser: summary +  17433 in 00:00:30 =  581.1/s Avg:    34 Min:    23 Max:   191 Err:     0 (0.00%) Active: 20 Started: 20 Finished: 0
2026-04-07 22:34:00,007 INFO o.a.j.r.Summariser: summary =  30444 in 00:01:00 =  508.8/s Avg:    35 Min:     3 Max:   285 Err:     0 (0.00%)
2026-04-07 22:34:00,198 INFO o.a.j.t.JMeterThread: Stopping because end time detected by thread: Concurrent Admin Users 1-6
2026-04-07 22:34:00,199 INFO o.a.j.t.JMeterThread: Thread finished: Concurrent Admin Users 1-6
2026-04-07 22:34:00,203 INFO o.a.j.t.JMeterThread: Stopping because end time detected by thread: Concurrent Admin Users 1-9
2026-04-07 22:34:00,204 INFO o.a.j.t.JMeterThread: Thread finished: Concurrent Admin Users 1-9
2026-04-07 22:34:00,207 INFO o.a.j.t.JMeterThread: Stopping because end time detected by thread: Concurrent Admin Users 1-12
2026-04-07 22:34:00,207 INFO o.a.j.t.JMeterThread: Thread finished: Concurrent Admin Users 1-12
2026-04-07 22:34:00,208 INFO o.a.j.t.JMeterThread: Stopping because end time detected by thread: Concurrent Admin Users 1-8
2026-04-07 22:34:00,208 INFO o.a.j.t.JMeterThread: Stopping because end time detected by thread: Concurrent Admin Users 1-7
2026-04-07 22:34:00,208 INFO o.a.j.t.JMeterThread: Thread finished: Concurrent Admin Users 1-8
2026-04-07 22:34:00,208 INFO o.a.j.t.JMeterThread: Thread finished: Concurrent Admin Users 1-7
2026-04-07 22:34:00,210 INFO o.a.j.t.JMeterThread: Stopping because end time detected by thread: Concurrent Admin Users 1-1
2026-04-07 22:34:00,210 INFO o.a.j.t.JMeterThread: Thread finished: Concurrent Admin Users 1-1
2026-04-07 22:34:00,212 INFO o.a.j.t.JMeterThread: Stopping because end time detected by thread: Concurrent Admin Users 1-5
2026-04-07 22:34:00,213 INFO o.a.j.t.JMeterThread: Thread finished: Concurrent Admin Users 1-5
2026-04-07 22:34:00,213 INFO o.a.j.t.JMeterThread: Stopping because end time detected by thread: Concurrent Admin Users 1-11
2026-04-07 22:34:00,213 INFO o.a.j.t.JMeterThread: Thread finished: Concurrent Admin Users 1-11
2026-04-07 22:34:00,214 INFO o.a.j.t.JMeterThread: Stopping because end time detected by thread: Concurrent Admin Users 1-10
2026-04-07 22:34:00,214 INFO o.a.j.t.JMeterThread: Thread finished: Concurrent Admin Users 1-10
2026-04-07 22:34:00,214 INFO o.a.j.t.JMeterThread: Stopping because end time detected by thread: Concurrent Admin Users 1-17
2026-04-07 22:34:00,215 INFO o.a.j.t.JMeterThread: Thread finished: Concurrent Admin Users 1-17
2026-04-07 22:34:00,215 INFO o.a.j.t.JMeterThread: Stopping because end time detected by thread: Concurrent Admin Users 1-14
2026-04-07 22:34:00,215 INFO o.a.j.t.JMeterThread: Thread finished: Concurrent Admin Users 1-14
2026-04-07 22:34:00,215 INFO o.a.j.t.JMeterThread: Stopping because end time detected by thread: Concurrent Admin Users 1-18
2026-04-07 22:34:00,215 INFO o.a.j.t.JMeterThread: Thread finished: Concurrent Admin Users 1-18
2026-04-07 22:34:00,219 INFO o.a.j.t.JMeterThread: Stopping because end time detected by thread: Concurrent Admin Users 1-4
2026-04-07 22:34:00,219 INFO o.a.j.t.JMeterThread: Thread finished: Concurrent Admin Users 1-4
2026-04-07 22:34:00,222 INFO o.a.j.t.JMeterThread: Stopping because end time detected by thread: Concurrent Admin Users 1-13
2026-04-07 22:34:00,222 INFO o.a.j.t.JMeterThread: Thread finished: Concurrent Admin Users 1-13
2026-04-07 22:34:00,226 INFO o.a.j.t.JMeterThread: Stopping because end time detected by thread: Concurrent Admin Users 1-2
2026-04-07 22:34:00,226 INFO o.a.j.t.JMeterThread: Thread finished: Concurrent Admin Users 1-2
2026-04-07 22:34:00,228 INFO o.a.j.t.JMeterThread: Stopping because end time detected by thread: Concurrent Admin Users 1-19
2026-04-07 22:34:00,228 INFO o.a.j.t.JMeterThread: Stopping because end time detected by thread: Concurrent Admin Users 1-16
2026-04-07 22:34:00,228 INFO o.a.j.t.JMeterThread: Stopping because end time detected by thread: Concurrent Admin Users 1-15
2026-04-07 22:34:00,228 INFO o.a.j.t.JMeterThread: Thread finished: Concurrent Admin Users 1-19
2026-04-07 22:34:00,229 INFO o.a.j.t.JMeterThread: Thread finished: Concurrent Admin Users 1-15
2026-04-07 22:34:00,229 INFO o.a.j.t.JMeterThread: Thread finished: Concurrent Admin Users 1-16
2026-04-07 22:34:00,229 INFO o.a.j.t.JMeterThread: Stopping because end time detected by thread: Concurrent Admin Users 1-3
2026-04-07 22:34:00,229 INFO o.a.j.t.JMeterThread: Thread finished: Concurrent Admin Users 1-3
2026-04-07 22:34:00,233 INFO o.a.j.t.JMeterThread: Stopping because end time detected by thread: Concurrent Admin Users 1-20
2026-04-07 22:34:00,233 INFO o.a.j.t.JMeterThread: Thread finished: Concurrent Admin Users 1-20
2026-04-07 22:34:00,234 INFO o.a.j.e.StandardJMeterEngine: Notifying test listeners of end of test
2026-04-07 22:34:00,235 INFO o.a.j.r.Summariser: summary +    135 in 00:00:00 =  579.4/s Avg:    34 Min:    23 Max:    67 Err:     0 (0.00%) Active: 0 Started: 20 Finished: 20
2026-04-07 22:34:00,235 INFO o.a.j.r.Summariser: summary =  30579 in 00:01:00 =  509.1/s Avg:    35 Min:     3 Max:   285 Err:     0 (0.00%)
2026-04-07 22:34:00,236 INFO o.a.j.JMeter: Generating Dashboard
2026-04-07 22:34:00,236 INFO o.a.j.r.d.ReportGenerator: Flushing result collector before report Generation
2026-04-07 22:34:00,249 INFO o.a.j.r.p.NormalizerSampleConsumer: Using format, 'ms', to parse timeStamp field
2026-04-07 22:34:00,960 INFO o.a.j.r.p.AbstractSampleConsumer: class org.apache.jmeter.report.processor.AggregateConsumer#stopProducing(): beginDate produced 0 samples
2026-04-07 22:34:00,960 INFO o.a.j.r.p.AbstractSampleConsumer: class org.apache.jmeter.report.processor.AggregateConsumer#stopProducing(): endDate produced 0 samples
2026-04-07 22:34:00,962 INFO o.a.j.r.p.AbstractSampleConsumer: class org.apache.jmeter.report.processor.ApdexSummaryConsumer#stopProducing(): apdexSummary produced 0 samples
2026-04-07 22:34:00,962 INFO o.a.j.r.p.AbstractSampleConsumer: class org.apache.jmeter.report.processor.RequestsSummaryConsumer#stopProducing(): requestsSummary produced 0 samples
2026-04-07 22:34:00,974 INFO o.a.j.r.p.AbstractSampleConsumer: class org.apache.jmeter.report.processor.StatisticsSummaryConsumer#stopProducing(): statisticsSummary produced 0 samples
2026-04-07 22:34:00,981 INFO o.a.j.r.p.AbstractSampleConsumer: class org.apache.jmeter.report.processor.Top5ErrorsBySamplerConsumer#stopProducing(): top5ErrorsBySampler produced 0 samples
2026-04-07 22:34:00,981 INFO o.a.j.r.p.AbstractSampleConsumer: class org.apache.jmeter.report.processor.ErrorsSummaryConsumer#stopProducing(): errorsSummary produced 0 samples
2026-04-07 22:34:00,982 INFO o.a.j.r.p.AbstractSampleConsumer: class org.apache.jmeter.report.processor.graph.impl.HitsPerSecondGraphConsumer#stopProducing(): hitsPerSecond produced 0 samples
2026-04-07 22:34:01,221 INFO o.a.j.r.p.AbstractSampleConsumer: class org.apache.jmeter.report.processor.graph.impl.LatencyVSRequestGraphConsumer#stopProducing(): latencyVsRequest produced 0 samples
2026-04-07 22:34:01,224 INFO o.a.j.r.p.AbstractSampleConsumer: class org.apache.jmeter.report.processor.graph.impl.SyntheticResponseTimeDistributionGraphConsumer#stopProducing(): syntheticResponseTimeDistribution produced 0 samples
2026-04-07 22:34:01,224 INFO o.a.j.r.p.AbstractSampleConsumer: class org.apache.jmeter.report.processor.graph.impl.BytesThroughputGraphConsumer#stopProducing(): bytesThroughputOverTime produced 0 samples
2026-04-07 22:34:01,225 INFO o.a.j.r.p.AbstractSampleConsumer: class org.apache.jmeter.report.processor.graph.impl.CodesPerSecondGraphConsumer#stopProducing(): codesPerSecond produced 0 samples
2026-04-07 22:34:01,409 INFO o.a.j.r.p.AbstractSampleConsumer: class org.apache.jmeter.report.processor.graph.impl.ResponseTimeVSRequestGraphConsumer#stopProducing(): responseTimeVsRequest produced 0 samples
2026-04-07 22:34:01,411 INFO o.a.j.r.p.AbstractSampleConsumer: class org.apache.jmeter.report.processor.FilterConsumer#stopProducing(): startIntervalControlerFilter produced 214053 samples
2026-04-07 22:34:01,411 INFO o.a.j.r.p.AbstractSampleConsumer: class org.apache.jmeter.report.processor.graph.impl.TotalTPSGraphConsumer#stopProducing(): totalTPS produced 0 samples
2026-04-07 22:34:01,411 INFO o.a.j.r.p.AbstractSampleConsumer: class org.apache.jmeter.report.processor.graph.impl.ActiveThreadsGraphConsumer#stopProducing(): activeThreadsOverTime produced 0 samples
2026-04-07 22:34:01,412 INFO o.a.j.r.p.AbstractSampleConsumer: class org.apache.jmeter.report.processor.graph.impl.TimeVSThreadGraphConsumer#stopProducing(): timeVsThreads produced 0 samples
2026-04-07 22:34:01,412 INFO o.a.j.r.p.AbstractSampleConsumer: class org.apache.jmeter.report.processor.graph.impl.ResponseTimeDistributionGraphConsumer#stopProducing(): responseTimeDistribution produced 0 samples
2026-04-07 22:34:01,412 INFO o.a.j.r.p.AbstractSampleConsumer: class org.apache.jmeter.report.processor.graph.impl.TransactionsPerSecondGraphConsumer#stopProducing(): transactionsPerSecond produced 0 samples
2026-04-07 22:34:01,412 INFO o.a.j.r.p.AbstractSampleConsumer: class org.apache.jmeter.report.processor.graph.impl.ResponseTimePercentilesGraphConsumer#stopProducing(): responseTimePercentiles produced 0 samples
2026-04-07 22:34:01,413 INFO o.a.j.r.p.AbstractSampleConsumer: class org.apache.jmeter.report.processor.graph.impl.ResponseTimePercentilesOverTimeGraphConsumer#stopProducing(): responseTimePercentilesOverTime produced 0 samples
2026-04-07 22:34:01,415 INFO o.a.j.r.p.AbstractSampleConsumer: class org.apache.jmeter.report.processor.graph.impl.ResponseTimeOverTimeGraphConsumer#stopProducing(): responseTimesOverTime produced 0 samples
2026-04-07 22:34:01,415 INFO o.a.j.r.p.AbstractSampleConsumer: class org.apache.jmeter.report.processor.graph.impl.ConnectTimeOverTimeGraphConsumer#stopProducing(): connectTimeOverTime produced 0 samples
2026-04-07 22:34:01,415 INFO o.a.j.r.p.AbstractSampleConsumer: class org.apache.jmeter.report.processor.graph.impl.LatencyOverTimeGraphConsumer#stopProducing(): latenciesOverTime produced 0 samples
2026-04-07 22:34:01,415 INFO o.a.j.r.p.AbstractSampleConsumer: class org.apache.jmeter.report.processor.FilterConsumer#stopProducing(): nameFilter produced 458685 samples
2026-04-07 22:34:01,415 INFO o.a.j.r.p.AbstractSampleConsumer: class org.apache.jmeter.report.processor.FilterConsumer#stopProducing(): dateRangeFilter produced 91737 samples
2026-04-07 22:34:01,415 INFO o.a.j.r.p.AbstractSampleConsumer: class org.apache.jmeter.report.processor.NormalizerSampleConsumer#stopProducing(): normalizer produced 30579 samples
2026-04-07 22:34:01,416 INFO o.a.j.r.p.CsvFileSampleSource: produce(): 30579 samples produced in 1s 140 ms on channel 0
2026-04-07 22:34:01,416 INFO o.a.j.r.d.ReportGenerator: Exporting data using exporter:'json' of className:'org.apache.jmeter.report.dashboard.JsonExporter'
2026-04-07 22:34:01,525 INFO o.a.j.r.d.JsonExporter: Found data for consumer statisticsSummary in context
2026-04-07 22:34:01,525 INFO o.a.j.r.d.JsonExporter: Creating statistics for overall
2026-04-07 22:34:01,526 INFO o.a.j.r.d.JsonExporter: Creating statistics for other transactions
2026-04-07 22:34:01,526 INFO o.a.j.r.d.JsonExporter: Checking output folder
2026-04-07 22:34:01,527 INFO o.a.j.r.d.JsonExporter: Writing statistics JSON to D:\Java Code\IdeaProjects\spring-boot-management-system\tmp\jmeter\admin-dashboard-20u-60s-report\statistics.json
2026-04-07 22:34:01,578 INFO o.a.j.r.d.ReportGenerator: Exporting data using exporter:'html' of className:'org.apache.jmeter.report.dashboard.HtmlTemplateExporter'
2026-04-07 22:34:01,582 INFO o.a.j.r.d.HtmlTemplateExporter: Will generate dashboard in folder: D:\Java Code\IdeaProjects\spring-boot-management-system\tmp\jmeter\admin-dashboard-20u-60s-report
2026-04-07 22:34:01,729 INFO o.a.j.r.d.HtmlTemplateExporter: Report will be generated in: D:\Java Code\IdeaProjects\spring-boot-management-system\tmp\jmeter\admin-dashboard-20u-60s-report, creating folder structure
2026-04-07 22:34:01,736 INFO o.a.j.r.d.TemplateVisitor: Copying folder from 'D:\Java Code\IdeaProjects\spring-boot-management-system\tools\apache-jmeter-5.6.3\apache-jmeter-5.6.3\bin\report-template' to 'D:\Java Code\IdeaProjects\spring-boot-management-system\tmp\jmeter\admin-dashboard-20u-60s-report', got message: D:\Java Code\IdeaProjects\spring-boot-management-system\tmp\jmeter\admin-dashboard-20u-60s-report, found non empty folder with following content [D:\Java Code\IdeaProjects\spring-boot-management-system\tmp\jmeter\admin-dashboard-20u-60s-report\statistics.json], will be ignored
2026-04-07 22:34:02,067 INFO o.a.j.JMeter: Dashboard generated
