2026-04-07 22:34:33,231 INFO o.a.j.u.JMeterUtils: Setting Locale to zh_CN
2026-04-07 22:34:33,252 INFO o.a.j.JMeter: Loading user properties from: D:\Java Code\IdeaProjects\spring-boot-management-system\tools\apache-jmeter-5.6.3\apache-jmeter-5.6.3\bin\user.properties
2026-04-07 22:34:33,253 INFO o.a.j.JMeter: Loading system properties from: D:\Java Code\IdeaProjects\spring-boot-management-system\tools\apache-jmeter-5.6.3\apache-jmeter-5.6.3\bin\system.properties
2026-04-07 22:34:33,253 INFO o.a.j.JMeter: Setting JMeter property: host=localhost
2026-04-07 22:34:33,253 INFO o.a.j.JMeter: Setting JMeter property: port=8080
2026-04-07 22:34:33,253 INFO o.a.j.JMeter: Setting JMeter property: threads=50
2026-04-07 22:34:33,254 INFO o.a.j.JMeter: Setting JMeter property: rampUp=15
2026-04-07 22:34:33,254 INFO o.a.j.JMeter: Setting JMeter property: duration=60
2026-04-07 22:34:33,259 INFO o.a.j.JMeter: Copyright (c) 1998-2024 The Apache Software Foundation
2026-04-07 22:34:33,259 INFO o.a.j.JMeter: Version 5.6.3
2026-04-07 22:34:33,259 INFO o.a.j.JMeter: java.version=21.0.2
2026-04-07 22:34:33,259 INFO o.a.j.JMeter: java.vm.name=Java HotSpot(TM) 64-Bit Server VM
2026-04-07 22:34:33,260 INFO o.a.j.JMeter: os.name=Windows 11
2026-04-07 22:34:33,260 INFO o.a.j.JMeter: os.arch=amd64
2026-04-07 22:34:33,260 INFO o.a.j.JMeter: os.version=10.0
2026-04-07 22:34:33,260 INFO o.a.j.JMeter: file.encoding=UTF-8
2026-04-07 22:34:33,260 INFO o.a.j.JMeter: java.awt.headless=true
2026-04-07 22:34:33,260 INFO o.a.j.JMeter: Max memory     =1073741824
2026-04-07 22:34:33,260 INFO o.a.j.JMeter: Available Processors =20
2026-04-07 22:34:33,267 INFO o.a.j.JMeter: Default Locale=English (EN)
2026-04-07 22:34:33,267 INFO o.a.j.JMeter: JMeter  Locale=Chinese (China)
2026-04-07 22:34:33,267 INFO o.a.j.JMeter: JMeterHome=D:\Java Code\IdeaProjects\spring-boot-management-system\tools\apache-jmeter-5.6.3\apache-jmeter-5.6.3
2026-04-07 22:34:33,267 INFO o.a.j.JMeter: user.dir  =D:\Java Code\IdeaProjects\spring-boot-management-system
2026-04-07 22:34:33,267 INFO o.a.j.JMeter: PWD       =D:\Java Code\IdeaProjects\spring-boot-management-system
2026-04-07 22:34:33,269 INFO o.a.j.JMeter: IP: 26.26.26.1 Name: Predator FullName: Predator
2026-04-07 22:34:33,278 INFO o.a.j.JMeter: Setting property 'jmeter.reportgenerator.outputdir' to:'D:\Java Code\IdeaProjects\spring-boot-management-system\tmp\jmeter\admin-dashboard-50u-60s-report'
2026-04-07 22:34:33,280 INFO o.a.j.s.FileServer: Default base='D:\Java Code\IdeaProjects\spring-boot-management-system'
2026-04-07 22:34:33,282 INFO o.a.j.s.FileServer: Set new base='D:\Java Code\IdeaProjects\spring-boot-management-system\scripts\jmeter'
2026-04-07 22:34:33,501 INFO o.a.j.s.SaveService: Testplan (JMX) version: 2.2. Testlog (JTL) version: 2.2
2026-04-07 22:34:33,529 INFO o.a.j.s.SaveService: Using SaveService properties version 5.0
2026-04-07 22:34:33,533 INFO o.a.j.s.SaveService: Using SaveService properties file encoding UTF-8
2026-04-07 22:34:33,537 INFO o.a.j.s.SaveService: Loading file: D:\Java Code\IdeaProjects\spring-boot-management-system\scripts\jmeter\admin-dashboard-concurrency.jmx
2026-04-07 22:34:33,579 INFO o.a.j.p.h.c.CookieManager: Settings: Delete null: true Check: true Allow variable: true Save: false Prefix: COOKIE_
2026-04-07 22:34:33,600 INFO o.a.j.p.h.s.HTTPSamplerBase: Parser for text/html is org.apache.jmeter.protocol.http.parser.LagartoBasedHtmlParser
2026-04-07 22:34:33,600 INFO o.a.j.p.h.s.HTTPSamplerBase: Parser for application/xhtml+xml is org.apache.jmeter.protocol.http.parser.LagartoBasedHtmlParser
2026-04-07 22:34:33,600 INFO o.a.j.p.h.s.HTTPSamplerBase: Parser for application/xml is org.apache.jmeter.protocol.http.parser.LagartoBasedHtmlParser
2026-04-07 22:34:33,600 INFO o.a.j.p.h.s.HTTPSamplerBase: Parser for text/xml is org.apache.jmeter.protocol.http.parser.LagartoBasedHtmlParser
2026-04-07 22:34:33,600 INFO o.a.j.p.h.s.HTTPSamplerBase: Parser for text/vnd.wap.wml is org.apache.jmeter.protocol.http.parser.RegexpHTMLParser
2026-04-07 22:34:33,600 INFO o.a.j.p.h.s.HTTPSamplerBase: Parser for text/css is org.apache.jmeter.protocol.http.parser.CssParser
2026-04-07 22:34:33,620 INFO o.a.j.JMeter: Creating summariser <summary>
2026-04-07 22:34:33,630 INFO o.a.j.r.d.ReportGenerator: ReportGenerator will use for Parsing the separator: ','
2026-04-07 22:34:33,631 INFO o.a.j.r.d.ReportGenerator: Will generate report at end of test from  results file: D:\Java Code\IdeaProjects\spring-boot-management-system\tmp\jmeter\admin-dashboard-50u-60s.jtl
2026-04-07 22:34:33,631 INFO o.a.j.r.d.ReportGenerator: Reading report generator properties from: D:\Java Code\IdeaProjects\spring-boot-management-system\tools\apache-jmeter-5.6.3\apache-jmeter-5.6.3\bin\reportgenerator.properties
2026-04-07 22:34:33,631 INFO o.a.j.r.d.ReportGenerator: Merging with JMeter properties
2026-04-07 22:34:33,635 INFO o.a.j.r.c.ReportGeneratorConfiguration: Property 'jmeter.reportgenerator.temp_dir' not found, using default value 'temp' instead.
2026-04-07 22:34:33,637 INFO o.a.j.r.c.ReportGeneratorConfiguration: Property 'jmeter.reportgenerator.apdex_per_transaction' not found, using default value 'null' instead.
2026-04-07 22:34:33,637 INFO o.a.j.r.c.ReportGeneratorConfiguration: apdex_per_transaction is empty, not APDEX per transaction customization
2026-04-07 22:34:33,637 INFO o.a.j.r.c.ReportGeneratorConfiguration: Property 'jmeter.reportgenerator.sample_filter' not found, using default value 'null' instead.
2026-04-07 22:34:33,637 INFO o.a.j.r.c.ReportGeneratorConfiguration: Property 'jmeter.reportgenerator.report_title' not found, using default value 'null' instead.
2026-04-07 22:34:33,637 INFO o.a.j.r.c.ReportGeneratorConfiguration: Property 'jmeter.reportgenerator.start_date' not found, using default value 'null' instead.
2026-04-07 22:34:33,637 INFO o.a.j.r.c.ReportGeneratorConfiguration: Property 'jmeter.reportgenerator.end_date' not found, using default value 'null' instead.
2026-04-07 22:34:33,638 INFO o.a.j.r.c.ReportGeneratorConfiguration: Property 'jmeter.reportgenerator.date_format' not found, using default value 'null' instead.
2026-04-07 22:34:33,638 INFO o.a.j.r.c.ReportGeneratorConfiguration: Will use date range start date: null, end date: null
2026-04-07 22:34:33,640 INFO o.a.j.r.c.ReportGeneratorConfiguration: Property 'jmeter.reportgenerator.graph.totalTPS.exclude_controllers' not found, using default value 'false' instead.
2026-04-07 22:34:33,640 INFO o.a.j.r.c.ReportGeneratorConfiguration: Property 'jmeter.reportgenerator.graph.activeThreadsOverTime.exclude_controllers' not found, using default value 'false' instead.
2026-04-07 22:34:33,640 INFO o.a.j.r.c.ReportGeneratorConfiguration: Property 'jmeter.reportgenerator.graph.timeVsThreads.exclude_controllers' not found, using default value 'false' instead.
2026-04-07 22:34:33,640 INFO o.a.j.r.c.ReportGeneratorConfiguration: Property 'jmeter.reportgenerator.graph.responseTimeDistribution.exclude_controllers' not found, using default value 'false' instead.
2026-04-07 22:34:33,642 INFO o.a.j.r.c.ReportGeneratorConfiguration: Property 'jmeter.reportgenerator.graph.transactionsPerSecond.exclude_controllers' not found, using default value 'false' instead.
2026-04-07 22:34:33,642 INFO o.a.j.r.c.ReportGeneratorConfiguration: Property 'jmeter.reportgenerator.graph.responseTimePercentiles.exclude_controllers' not found, using default value 'false' instead.
2026-04-07 22:34:33,642 INFO o.a.j.r.c.ReportGeneratorConfiguration: Property 'jmeter.reportgenerator.graph.responseTimePercentilesOverTime.exclude_controllers' not found, using default value 'false' instead.
2026-04-07 22:34:33,642 INFO o.a.j.r.c.ReportGeneratorConfiguration: Property 'jmeter.reportgenerator.graph.responseTimesOverTime.exclude_controllers' not found, using default value 'false' instead.
2026-04-07 22:34:33,642 INFO o.a.j.r.c.ReportGeneratorConfiguration: Property 'jmeter.reportgenerator.graph.connectTimeOverTime.exclude_controllers' not found, using default value 'false' instead.
2026-04-07 22:34:33,642 INFO o.a.j.r.c.ReportGeneratorConfiguration: Property 'jmeter.reportgenerator.graph.latenciesOverTime.exclude_controllers' not found, using default value 'false' instead.
2026-04-07 22:34:33,643 INFO o.a.j.r.c.ReportGeneratorConfiguration: Property 'jmeter.reportgenerator.exporter.json.filters_only_sample_series' not found, using default value 'true' instead.
2026-04-07 22:34:33,643 INFO o.a.j.r.c.ReportGeneratorConfiguration: Property 'jmeter.reportgenerator.exporter.json.series_filter' not found, using default value '' instead.
2026-04-07 22:34:33,643 INFO o.a.j.r.c.ReportGeneratorConfiguration: Property 'jmeter.reportgenerator.exporter.json.show_controllers_only' not found, using default value 'false' instead.
2026-04-07 22:34:33,644 INFO o.a.j.r.c.ReportGeneratorConfiguration: Property 'jmeter.reportgenerator.exporter.html.filters_only_sample_series' not found, using default value 'true' instead.
2026-04-07 22:34:33,644 INFO o.a.j.r.c.ReportGeneratorConfiguration: Property 'jmeter.reportgenerator.exporter.html.series_filter' not found, using default value '' instead.
2026-04-07 22:34:33,644 INFO o.a.j.r.c.ReportGeneratorConfiguration: Property 'jmeter.reportgenerator.exporter.html.show_controllers_only' not found, using default value 'false' instead.
2026-04-07 22:34:33,655 INFO o.a.j.e.StandardJMeterEngine: Running the test!
2026-04-07 22:34:33,655 INFO o.a.j.s.SampleEvent: List of sample_variables: []
2026-04-07 22:34:33,655 INFO o.a.j.s.SampleEvent: List of sample_variables: []
2026-04-07 22:34:33,659 INFO o.a.j.e.u.CompoundVariable: Note: Function class names must contain the string: '.functions.'
2026-04-07 22:34:33,659 INFO o.a.j.e.u.CompoundVariable: Note: Function class names must not contain the string: '.gui.'
2026-04-07 22:34:33,762 INFO o.a.j.JMeter: 正在运行的测试 (1775572473762)
2026-04-07 22:34:33,774 INFO o.a.j.e.StandardJMeterEngine: Starting ThreadGroup: 1 : Concurrent Admin Users
2026-04-07 22:34:33,774 INFO o.a.j.e.StandardJMeterEngine: Starting 50 threads for group Concurrent Admin Users.
2026-04-07 22:34:33,774 INFO o.a.j.e.StandardJMeterEngine: Thread will continue on error
2026-04-07 22:34:33,774 INFO o.a.j.t.ThreadGroup: Starting thread group... number=1 threads=50 ramp-up=15 delayedStart=false
2026-04-07 22:34:33,782 INFO o.a.j.t.JMeterThread: Thread started: Concurrent Admin Users 1-1
2026-04-07 22:34:33,804 INFO o.a.j.t.ThreadGroup: Started thread group number 1
2026-04-07 22:34:33,804 INFO o.a.j.e.StandardJMeterEngine: All thread groups have been started
2026-04-07 22:34:33,819 INFO o.a.j.p.h.s.HTTPHCAbstractImpl: Local host = Predator
2026-04-07 22:34:33,829 INFO o.a.j.p.h.s.HTTPHC4Impl: HTTP request retry count = 0
2026-04-07 22:34:33,831 INFO o.a.j.s.SampleResult: Note: Sample TimeStamps are START times
2026-04-07 22:34:33,831 INFO o.a.j.s.SampleResult: sampleresult.default.encoding is set to UTF-8
2026-04-07 22:34:33,831 INFO o.a.j.s.SampleResult: sampleresult.useNanoTime=true
2026-04-07 22:34:33,831 INFO o.a.j.s.SampleResult: sampleresult.nanoThreadSleep=5000
2026-04-07 22:34:33,900 INFO o.a.j.r.Summariser: summary +      1 in 00:00:00 =    7.3/s Avg:    23 Min:    23 Max:    23 Err:     0 (0.00%) Active: 1 Started: 1 Finished: 0
2026-04-07 22:34:34,080 INFO o.a.j.t.JMeterThread: Thread started: Concurrent Admin Users 1-2
2026-04-07 22:34:34,380 INFO o.a.j.t.JMeterThread: Thread started: Concurrent Admin Users 1-3
2026-04-07 22:34:34,679 INFO o.a.j.t.JMeterThread: Thread started: Concurrent Admin Users 1-4
2026-04-07 22:34:34,977 INFO o.a.j.t.JMeterThread: Thread started: Concurrent Admin Users 1-5
2026-04-07 22:34:35,277 INFO o.a.j.t.JMeterThread: Thread started: Concurrent Admin Users 1-6
2026-04-07 22:34:35,575 INFO o.a.j.t.JMeterThread: Thread started: Concurrent Admin Users 1-7
2026-04-07 22:34:35,875 INFO o.a.j.t.JMeterThread: Thread started: Concurrent Admin Users 1-8
2026-04-07 22:34:36,176 INFO o.a.j.t.JMeterThread: Thread started: Concurrent Admin Users 1-9
2026-04-07 22:34:36,476 INFO o.a.j.t.JMeterThread: Thread started: Concurrent Admin Users 1-10
2026-04-07 22:34:36,775 INFO o.a.j.t.JMeterThread: Thread started: Concurrent Admin Users 1-11
2026-04-07 22:34:37,075 INFO o.a.j.t.JMeterThread: Thread started: Concurrent Admin Users 1-12
2026-04-07 22:34:37,375 INFO o.a.j.t.JMeterThread: Thread started: Concurrent Admin Users 1-13
2026-04-07 22:34:37,675 INFO o.a.j.t.JMeterThread: Thread started: Concurrent Admin Users 1-14
2026-04-07 22:34:37,976 INFO o.a.j.t.JMeterThread: Thread started: Concurrent Admin Users 1-15
2026-04-07 22:34:38,276 INFO o.a.j.t.JMeterThread: Thread started: Concurrent Admin Users 1-16
2026-04-07 22:34:38,574 INFO o.a.j.t.JMeterThread: Thread started: Concurrent Admin Users 1-17
2026-04-07 22:34:38,876 INFO o.a.j.t.JMeterThread: Thread started: Concurrent Admin Users 1-18
2026-04-07 22:34:39,176 INFO o.a.j.t.JMeterThread: Thread started: Concurrent Admin Users 1-19
2026-04-07 22:34:39,475 INFO o.a.j.t.JMeterThread: Thread started: Concurrent Admin Users 1-20
2026-04-07 22:34:39,776 INFO o.a.j.t.JMeterThread: Thread started: Concurrent Admin Users 1-21
2026-04-07 22:34:40,075 INFO o.a.j.t.JMeterThread: Thread started: Concurrent Admin Users 1-22
2026-04-07 22:34:40,375 INFO o.a.j.t.JMeterThread: Thread started: Concurrent Admin Users 1-23
2026-04-07 22:34:40,678 INFO o.a.j.t.JMeterThread: Thread started: Concurrent Admin Users 1-24
2026-04-07 22:34:40,976 INFO o.a.j.t.JMeterThread: Thread started: Concurrent Admin Users 1-25
2026-04-07 22:34:41,275 INFO o.a.j.t.JMeterThread: Thread started: Concurrent Admin Users 1-26
2026-04-07 22:34:41,576 INFO o.a.j.t.JMeterThread: Thread started: Concurrent Admin Users 1-27
2026-04-07 22:34:41,876 INFO o.a.j.t.JMeterThread: Thread started: Concurrent Admin Users 1-28
2026-04-07 22:34:42,208 INFO o.a.j.t.JMeterThread: Thread started: Concurrent Admin Users 1-29
2026-04-07 22:34:42,481 INFO o.a.j.t.JMeterThread: Thread started: Concurrent Admin Users 1-30
2026-04-07 22:34:42,776 INFO o.a.j.t.JMeterThread: Thread started: Concurrent Admin Users 1-31
2026-04-07 22:34:43,076 INFO o.a.j.t.JMeterThread: Thread started: Concurrent Admin Users 1-32
2026-04-07 22:34:43,377 INFO o.a.j.t.JMeterThread: Thread started: Concurrent Admin Users 1-33
2026-04-07 22:34:43,690 INFO o.a.j.t.JMeterThread: Thread started: Concurrent Admin Users 1-34
2026-04-07 22:34:44,001 INFO o.a.j.t.JMeterThread: Thread started: Concurrent Admin Users 1-35
2026-04-07 22:34:44,321 INFO o.a.j.t.JMeterThread: Thread started: Concurrent Admin Users 1-36
2026-04-07 22:34:44,577 INFO o.a.j.t.JMeterThread: Thread started: Concurrent Admin Users 1-37
2026-04-07 22:34:44,875 INFO o.a.j.t.JMeterThread: Thread started: Concurrent Admin Users 1-38
2026-04-07 22:34:45,176 INFO o.a.j.t.JMeterThread: Thread started: Concurrent Admin Users 1-39
2026-04-07 22:34:45,475 INFO o.a.j.t.JMeterThread: Thread started: Concurrent Admin Users 1-40
2026-04-07 22:34:45,777 INFO o.a.j.t.JMeterThread: Thread started: Concurrent Admin Users 1-41
2026-04-07 22:34:46,103 INFO o.a.j.t.JMeterThread: Thread started: Concurrent Admin Users 1-42
2026-04-07 22:34:46,374 INFO o.a.j.t.JMeterThread: Thread started: Concurrent Admin Users 1-43
2026-04-07 22:34:46,675 INFO o.a.j.t.JMeterThread: Thread started: Concurrent Admin Users 1-44
2026-04-07 22:34:46,984 INFO o.a.j.t.JMeterThread: Thread started: Concurrent Admin Users 1-45
2026-04-07 22:34:47,275 INFO o.a.j.t.JMeterThread: Thread started: Concurrent Admin Users 1-46
2026-04-07 22:34:47,581 INFO o.a.j.t.JMeterThread: Thread started: Concurrent Admin Users 1-47
2026-04-07 22:34:47,906 INFO o.a.j.t.JMeterThread: Thread started: Concurrent Admin Users 1-48
2026-04-07 22:34:48,182 INFO o.a.j.t.JMeterThread: Thread started: Concurrent Admin Users 1-49
2026-04-07 22:34:48,476 INFO o.a.j.t.JMeterThread: Thread started: Concurrent Admin Users 1-50
2026-04-07 22:35:00,003 INFO o.a.j.r.Summariser: summary +  14092 in 00:00:26 =  539.9/s Avg:    66 Min:     2 Max:   371 Err:     0 (0.00%) Active: 50 Started: 50 Finished: 0
2026-04-07 22:35:00,004 INFO o.a.j.r.Summariser: summary =  14093 in 00:00:26 =  537.1/s Avg:    66 Min:     2 Max:   371 Err:     0 (0.00%)
2026-04-07 22:35:30,039 INFO o.a.j.r.Summariser: summary +  12673 in 00:00:30 =  421.9/s Avg:   116 Min:    32 Max:   792 Err:     0 (0.00%) Active: 50 Started: 50 Finished: 0
2026-04-07 22:35:30,115 INFO o.a.j.r.Summariser: summary =  26766 in 00:00:56 =  475.6/s Avg:    90 Min:     2 Max:   792 Err:     0 (0.00%)
2026-04-07 22:35:33,786 INFO o.a.j.t.JMeterThread: Stopping because end time detected by thread: Concurrent Admin Users 1-14
2026-04-07 22:35:33,786 INFO o.a.j.t.JMeterThread: Thread finished: Concurrent Admin Users 1-14
2026-04-07 22:35:33,788 INFO o.a.j.t.JMeterThread: Stopping because end time detected by thread: Concurrent Admin Users 1-6
2026-04-07 22:35:33,789 INFO o.a.j.t.JMeterThread: Thread finished: Concurrent Admin Users 1-6
2026-04-07 22:35:33,797 INFO o.a.j.t.JMeterThread: Stopping because end time detected by thread: Concurrent Admin Users 1-26
2026-04-07 22:35:33,797 INFO o.a.j.t.JMeterThread: Thread finished: Concurrent Admin Users 1-26
2026-04-07 22:35:33,798 INFO o.a.j.t.JMeterThread: Stopping because end time detected by thread: Concurrent Admin Users 1-12
2026-04-07 22:35:33,798 INFO o.a.j.t.JMeterThread: Thread finished: Concurrent Admin Users 1-12
2026-04-07 22:35:33,800 INFO o.a.j.t.JMeterThread: Stopping because end time detected by thread: Concurrent Admin Users 1-22
2026-04-07 22:35:33,801 INFO o.a.j.t.JMeterThread: Thread finished: Concurrent Admin Users 1-22
2026-04-07 22:35:33,804 INFO o.a.j.t.JMeterThread: Stopping because end time detected by thread: Concurrent Admin Users 1-37
2026-04-07 22:35:33,804 INFO o.a.j.t.JMeterThread: Thread finished: Concurrent Admin Users 1-37
2026-04-07 22:35:33,808 INFO o.a.j.t.JMeterThread: Stopping because end time detected by thread: Concurrent Admin Users 1-18
2026-04-07 22:35:33,809 INFO o.a.j.t.JMeterThread: Thread finished: Concurrent Admin Users 1-18
2026-04-07 22:35:33,811 INFO o.a.j.t.JMeterThread: Stopping because end time detected by thread: Concurrent Admin Users 1-42
2026-04-07 22:35:33,811 INFO o.a.j.t.JMeterThread: Thread finished: Concurrent Admin Users 1-42
2026-04-07 22:35:33,811 INFO o.a.j.t.JMeterThread: Stopping because end time detected by thread: Concurrent Admin Users 1-31
2026-04-07 22:35:33,811 INFO o.a.j.t.JMeterThread: Thread finished: Concurrent Admin Users 1-31
2026-04-07 22:35:33,817 INFO o.a.j.t.JMeterThread: Stopping because end time detected by thread: Concurrent Admin Users 1-9
2026-04-07 22:35:33,817 INFO o.a.j.t.JMeterThread: Thread finished: Concurrent Admin Users 1-9
2026-04-07 22:35:33,819 INFO o.a.j.t.JMeterThread: Stopping because end time detected by thread: Concurrent Admin Users 1-48
2026-04-07 22:35:33,819 INFO o.a.j.t.JMeterThread: Thread finished: Concurrent Admin Users 1-48
2026-04-07 22:35:33,821 INFO o.a.j.t.JMeterThread: Stopping because end time detected by thread: Concurrent Admin Users 1-38
2026-04-07 22:35:33,822 INFO o.a.j.t.JMeterThread: Thread finished: Concurrent Admin Users 1-38
2026-04-07 22:35:33,825 INFO o.a.j.t.JMeterThread: Stopping because end time detected by thread: Concurrent Admin Users 1-3
2026-04-07 22:35:33,825 INFO o.a.j.t.JMeterThread: Thread finished: Concurrent Admin Users 1-3
2026-04-07 22:35:33,855 INFO o.a.j.t.JMeterThread: Stopping because end time detected by thread: Concurrent Admin Users 1-25
2026-04-07 22:35:33,856 INFO o.a.j.t.JMeterThread: Thread finished: Concurrent Admin Users 1-25
2026-04-07 22:35:33,858 INFO o.a.j.t.JMeterThread: Stopping because end time detected by thread: Concurrent Admin Users 1-20
2026-04-07 22:35:33,858 INFO o.a.j.t.JMeterThread: Thread finished: Concurrent Admin Users 1-20
2026-04-07 22:35:33,864 INFO o.a.j.t.JMeterThread: Stopping because end time detected by thread: Concurrent Admin Users 1-19
2026-04-07 22:35:33,865 INFO o.a.j.t.JMeterThread: Thread finished: Concurrent Admin Users 1-19
2026-04-07 22:35:33,866 INFO o.a.j.t.JMeterThread: Stopping because end time detected by thread: Concurrent Admin Users 1-24
2026-04-07 22:35:33,867 INFO o.a.j.t.JMeterThread: Thread finished: Concurrent Admin Users 1-24
2026-04-07 22:35:33,870 INFO o.a.j.t.JMeterThread: Stopping because end time detected by thread: Concurrent Admin Users 1-23
2026-04-07 22:35:33,870 INFO o.a.j.t.JMeterThread: Thread finished: Concurrent Admin Users 1-23
2026-04-07 22:35:33,871 INFO o.a.j.t.JMeterThread: Stopping because end time detected by thread: Concurrent Admin Users 1-21
2026-04-07 22:35:33,871 INFO o.a.j.t.JMeterThread: Thread finished: Concurrent Admin Users 1-21
2026-04-07 22:35:33,874 INFO o.a.j.t.JMeterThread: Stopping because end time detected by thread: Concurrent Admin Users 1-16
2026-04-07 22:35:33,875 INFO o.a.j.t.JMeterThread: Thread finished: Concurrent Admin Users 1-16
2026-04-07 22:35:33,876 INFO o.a.j.t.JMeterThread: Stopping because end time detected by thread: Concurrent Admin Users 1-28
2026-04-07 22:35:33,876 INFO o.a.j.t.JMeterThread: Stopping because end time detected by thread: Concurrent Admin Users 1-40
2026-04-07 22:35:33,876 INFO o.a.j.t.JMeterThread: Thread finished: Concurrent Admin Users 1-28
2026-04-07 22:35:33,876 INFO o.a.j.t.JMeterThread: Thread finished: Concurrent Admin Users 1-40
2026-04-07 22:35:33,876 INFO o.a.j.t.JMeterThread: Stopping because end time detected by thread: Concurrent Admin Users 1-1
2026-04-07 22:35:33,876 INFO o.a.j.t.JMeterThread: Thread finished: Concurrent Admin Users 1-1
2026-04-07 22:35:33,877 INFO o.a.j.t.JMeterThread: Stopping because end time detected by thread: Concurrent Admin Users 1-34
2026-04-07 22:35:33,877 INFO o.a.j.t.JMeterThread: Thread finished: Concurrent Admin Users 1-34
2026-04-07 22:35:33,877 INFO o.a.j.t.JMeterThread: Stopping because end time detected by thread: Concurrent Admin Users 1-49
2026-04-07 22:35:33,878 INFO o.a.j.t.JMeterThread: Thread finished: Concurrent Admin Users 1-49
2026-04-07 22:35:33,880 INFO o.a.j.t.JMeterThread: Stopping because end time detected by thread: Concurrent Admin Users 1-35
2026-04-07 22:35:33,880 INFO o.a.j.t.JMeterThread: Thread finished: Concurrent Admin Users 1-35
2026-04-07 22:35:33,881 INFO o.a.j.t.JMeterThread: Stopping because end time detected by thread: Concurrent Admin Users 1-5
2026-04-07 22:35:33,881 INFO o.a.j.t.JMeterThread: Thread finished: Concurrent Admin Users 1-5
2026-04-07 22:35:33,883 INFO o.a.j.t.JMeterThread: Stopping because end time detected by thread: Concurrent Admin Users 1-10
2026-04-07 22:35:33,883 INFO o.a.j.t.JMeterThread: Stopping because end time detected by thread: Concurrent Admin Users 1-30
2026-04-07 22:35:33,883 INFO o.a.j.t.JMeterThread: Thread finished: Concurrent Admin Users 1-10
2026-04-07 22:35:33,883 INFO o.a.j.t.JMeterThread: Thread finished: Concurrent Admin Users 1-30
2026-04-07 22:35:33,884 INFO o.a.j.t.JMeterThread: Stopping because end time detected by thread: Concurrent Admin Users 1-33
2026-04-07 22:35:33,885 INFO o.a.j.t.JMeterThread: Thread finished: Concurrent Admin Users 1-33
2026-04-07 22:35:33,891 INFO o.a.j.t.JMeterThread: Stopping because end time detected by thread: Concurrent Admin Users 1-43
2026-04-07 22:35:33,891 INFO o.a.j.t.JMeterThread: Stopping because end time detected by thread: Concurrent Admin Users 1-2
2026-04-07 22:35:33,893 INFO o.a.j.t.JMeterThread: Thread finished: Concurrent Admin Users 1-43
2026-04-07 22:35:33,893 INFO o.a.j.t.JMeterThread: Thread finished: Concurrent Admin Users 1-2
2026-04-07 22:35:33,894 INFO o.a.j.t.JMeterThread: Stopping because end time detected by thread: Concurrent Admin Users 1-32
2026-04-07 22:35:33,894 INFO o.a.j.t.JMeterThread: Thread finished: Concurrent Admin Users 1-32
2026-04-07 22:35:33,895 INFO o.a.j.t.JMeterThread: Stopping because end time detected by thread: Concurrent Admin Users 1-13
2026-04-07 22:35:33,895 INFO o.a.j.t.JMeterThread: Thread finished: Concurrent Admin Users 1-13
2026-04-07 22:35:33,898 INFO o.a.j.t.JMeterThread: Stopping because end time detected by thread: Concurrent Admin Users 1-17
2026-04-07 22:35:33,899 INFO o.a.j.t.JMeterThread: Thread finished: Concurrent Admin Users 1-17
2026-04-07 22:35:33,900 INFO o.a.j.t.JMeterThread: Stopping because end time detected by thread: Concurrent Admin Users 1-46
2026-04-07 22:35:33,900 INFO o.a.j.t.JMeterThread: Thread finished: Concurrent Admin Users 1-46
2026-04-07 22:35:33,904 INFO o.a.j.t.JMeterThread: Stopping because end time detected by thread: Concurrent Admin Users 1-47
2026-04-07 22:35:33,904 INFO o.a.j.t.JMeterThread: Stopping because end time detected by thread: Concurrent Admin Users 1-45
2026-04-07 22:35:33,904 INFO o.a.j.t.JMeterThread: Thread finished: Concurrent Admin Users 1-47
2026-04-07 22:35:33,904 INFO o.a.j.t.JMeterThread: Stopping because end time detected by thread: Concurrent Admin Users 1-7
2026-04-07 22:35:33,904 INFO o.a.j.t.JMeterThread: Thread finished: Concurrent Admin Users 1-7
2026-04-07 22:35:33,905 INFO o.a.j.t.JMeterThread: Stopping because end time detected by thread: Concurrent Admin Users 1-44
2026-04-07 22:35:33,905 INFO o.a.j.t.JMeterThread: Thread finished: Concurrent Admin Users 1-45
2026-04-07 22:35:33,905 INFO o.a.j.t.JMeterThread: Thread finished: Concurrent Admin Users 1-44
2026-04-07 22:35:33,906 INFO o.a.j.t.JMeterThread: Stopping because end time detected by thread: Concurrent Admin Users 1-8
2026-04-07 22:35:33,906 INFO o.a.j.t.JMeterThread: Thread finished: Concurrent Admin Users 1-8
2026-04-07 22:35:33,908 INFO o.a.j.t.JMeterThread: Stopping because end time detected by thread: Concurrent Admin Users 1-15
2026-04-07 22:35:33,908 INFO o.a.j.t.JMeterThread: Thread finished: Concurrent Admin Users 1-15
2026-04-07 22:35:33,908 INFO o.a.j.t.JMeterThread: Stopping because end time detected by thread: Concurrent Admin Users 1-39
2026-04-07 22:35:33,908 INFO o.a.j.t.JMeterThread: Thread finished: Concurrent Admin Users 1-39
2026-04-07 22:35:33,909 INFO o.a.j.t.JMeterThread: Stopping because end time detected by thread: Concurrent Admin Users 1-50
2026-04-07 22:35:33,910 INFO o.a.j.t.JMeterThread: Thread finished: Concurrent Admin Users 1-50
2026-04-07 22:35:33,911 INFO o.a.j.t.JMeterThread: Stopping because end time detected by thread: Concurrent Admin Users 1-11
2026-04-07 22:35:33,911 INFO o.a.j.t.JMeterThread: Thread finished: Concurrent Admin Users 1-11
2026-04-07 22:35:33,913 INFO o.a.j.t.JMeterThread: Stopping because end time detected by thread: Concurrent Admin Users 1-36
2026-04-07 22:35:33,913 INFO o.a.j.t.JMeterThread: Thread finished: Concurrent Admin Users 1-36
2026-04-07 22:35:33,918 INFO o.a.j.t.JMeterThread: Stopping because end time detected by thread: Concurrent Admin Users 1-41
2026-04-07 22:35:33,918 INFO o.a.j.t.JMeterThread: Thread finished: Concurrent Admin Users 1-41
2026-04-07 22:35:33,918 INFO o.a.j.t.JMeterThread: Stopping because end time detected by thread: Concurrent Admin Users 1-27
2026-04-07 22:35:33,918 INFO o.a.j.t.JMeterThread: Thread finished: Concurrent Admin Users 1-27
2026-04-07 22:35:33,921 INFO o.a.j.t.JMeterThread: Stopping because end time detected by thread: Concurrent Admin Users 1-29
2026-04-07 22:35:33,921 INFO o.a.j.t.JMeterThread: Thread finished: Concurrent Admin Users 1-29
2026-04-07 22:35:33,928 INFO o.a.j.t.JMeterThread: Stopping because end time detected by thread: Concurrent Admin Users 1-4
2026-04-07 22:35:33,928 INFO o.a.j.t.JMeterThread: Thread finished: Concurrent Admin Users 1-4
2026-04-07 22:35:33,929 INFO o.a.j.e.StandardJMeterEngine: Notifying test listeners of end of test
2026-04-07 22:35:33,930 INFO o.a.j.r.Summariser: summary +   1162 in 00:00:04 =  298.6/s Avg:   180 Min:    42 Max:  1598 Err:     0 (0.00%) Active: 0 Started: 50 Finished: 50
2026-04-07 22:35:33,931 INFO o.a.j.r.Summariser: summary =  27928 in 00:01:00 =  464.2/s Avg:    94 Min:     2 Max:  1598 Err:     0 (0.00%)
2026-04-07 22:35:33,931 INFO o.a.j.JMeter: Generating Dashboard
2026-04-07 22:35:33,931 INFO o.a.j.r.d.ReportGenerator: Flushing result collector before report Generation
2026-04-07 22:35:33,950 INFO o.a.j.r.p.NormalizerSampleConsumer: Using format, 'ms', to parse timeStamp field
2026-04-07 22:35:34,936 INFO o.a.j.r.p.AbstractSampleConsumer: class org.apache.jmeter.report.processor.AggregateConsumer#stopProducing(): beginDate produced 0 samples
2026-04-07 22:35:34,936 INFO o.a.j.r.p.AbstractSampleConsumer: class org.apache.jmeter.report.processor.AggregateConsumer#stopProducing(): endDate produced 0 samples
2026-04-07 22:35:34,939 INFO o.a.j.r.p.AbstractSampleConsumer: class org.apache.jmeter.report.processor.ApdexSummaryConsumer#stopProducing(): apdexSummary produced 0 samples
2026-04-07 22:35:34,939 INFO o.a.j.r.p.AbstractSampleConsumer: class org.apache.jmeter.report.processor.RequestsSummaryConsumer#stopProducing(): requestsSummary produced 0 samples
2026-04-07 22:35:34,953 INFO o.a.j.r.p.AbstractSampleConsumer: class org.apache.jmeter.report.processor.StatisticsSummaryConsumer#stopProducing(): statisticsSummary produced 0 samples
2026-04-07 22:35:34,955 INFO o.a.j.r.p.AbstractSampleConsumer: class org.apache.jmeter.report.processor.Top5ErrorsBySamplerConsumer#stopProducing(): top5ErrorsBySampler produced 0 samples
2026-04-07 22:35:34,955 INFO o.a.j.r.p.AbstractSampleConsumer: class org.apache.jmeter.report.processor.ErrorsSummaryConsumer#stopProducing(): errorsSummary produced 0 samples
2026-04-07 22:35:34,956 INFO o.a.j.r.p.AbstractSampleConsumer: class org.apache.jmeter.report.processor.graph.impl.HitsPerSecondGraphConsumer#stopProducing(): hitsPerSecond produced 0 samples
2026-04-07 22:35:35,260 INFO o.a.j.r.p.AbstractSampleConsumer: class org.apache.jmeter.report.processor.graph.impl.LatencyVSRequestGraphConsumer#stopProducing(): latencyVsRequest produced 0 samples
2026-04-07 22:35:35,264 INFO o.a.j.r.p.AbstractSampleConsumer: class org.apache.jmeter.report.processor.graph.impl.SyntheticResponseTimeDistributionGraphConsumer#stopProducing(): syntheticResponseTimeDistribution produced 0 samples
2026-04-07 22:35:35,264 INFO o.a.j.r.p.AbstractSampleConsumer: class org.apache.jmeter.report.processor.graph.impl.BytesThroughputGraphConsumer#stopProducing(): bytesThroughputOverTime produced 0 samples
2026-04-07 22:35:35,264 INFO o.a.j.r.p.AbstractSampleConsumer: class org.apache.jmeter.report.processor.graph.impl.CodesPerSecondGraphConsumer#stopProducing(): codesPerSecond produced 0 samples
2026-04-07 22:35:35,491 INFO o.a.j.r.p.AbstractSampleConsumer: class org.apache.jmeter.report.processor.graph.impl.ResponseTimeVSRequestGraphConsumer#stopProducing(): responseTimeVsRequest produced 0 samples
2026-04-07 22:35:35,493 INFO o.a.j.r.p.AbstractSampleConsumer: class org.apache.jmeter.report.processor.FilterConsumer#stopProducing(): startIntervalControlerFilter produced 195496 samples
2026-04-07 22:35:35,493 INFO o.a.j.r.p.AbstractSampleConsumer: class org.apache.jmeter.report.processor.graph.impl.TotalTPSGraphConsumer#stopProducing(): totalTPS produced 0 samples
2026-04-07 22:35:35,493 INFO o.a.j.r.p.AbstractSampleConsumer: class org.apache.jmeter.report.processor.graph.impl.ActiveThreadsGraphConsumer#stopProducing(): activeThreadsOverTime produced 0 samples
2026-04-07 22:35:35,493 INFO o.a.j.r.p.AbstractSampleConsumer: class org.apache.jmeter.report.processor.graph.impl.TimeVSThreadGraphConsumer#stopProducing(): timeVsThreads produced 0 samples
2026-04-07 22:35:35,493 INFO o.a.j.r.p.AbstractSampleConsumer: class org.apache.jmeter.report.processor.graph.impl.ResponseTimeDistributionGraphConsumer#stopProducing(): responseTimeDistribution produced 0 samples
2026-04-07 22:35:35,493 INFO o.a.j.r.p.AbstractSampleConsumer: class org.apache.jmeter.report.processor.graph.impl.TransactionsPerSecondGraphConsumer#stopProducing(): transactionsPerSecond produced 0 samples
2026-04-07 22:35:35,493 INFO o.a.j.r.p.AbstractSampleConsumer: class org.apache.jmeter.report.processor.graph.impl.ResponseTimePercentilesGraphConsumer#stopProducing(): responseTimePercentiles produced 0 samples
2026-04-07 22:35:35,495 INFO o.a.j.r.p.AbstractSampleConsumer: class org.apache.jmeter.report.processor.graph.impl.ResponseTimePercentilesOverTimeGraphConsumer#stopProducing(): responseTimePercentilesOverTime produced 0 samples
2026-04-07 22:35:35,497 INFO o.a.j.r.p.AbstractSampleConsumer: class org.apache.jmeter.report.processor.graph.impl.ResponseTimeOverTimeGraphConsumer#stopProducing(): responseTimesOverTime produced 0 samples
2026-04-07 22:35:35,497 INFO o.a.j.r.p.AbstractSampleConsumer: class org.apache.jmeter.report.processor.graph.impl.ConnectTimeOverTimeGraphConsumer#stopProducing(): connectTimeOverTime produced 0 samples
2026-04-07 22:35:35,497 INFO o.a.j.r.p.AbstractSampleConsumer: class org.apache.jmeter.report.processor.graph.impl.LatencyOverTimeGraphConsumer#stopProducing(): latenciesOverTime produced 0 samples
2026-04-07 22:35:35,497 INFO o.a.j.r.p.AbstractSampleConsumer: class org.apache.jmeter.report.processor.FilterConsumer#stopProducing(): nameFilter produced 418920 samples
2026-04-07 22:35:35,497 INFO o.a.j.r.p.AbstractSampleConsumer: class org.apache.jmeter.report.processor.FilterConsumer#stopProducing(): dateRangeFilter produced 83784 samples
2026-04-07 22:35:35,497 INFO o.a.j.r.p.AbstractSampleConsumer: class org.apache.jmeter.report.processor.NormalizerSampleConsumer#stopProducing(): normalizer produced 27928 samples
2026-04-07 22:35:35,498 INFO o.a.j.r.p.CsvFileSampleSource: produce(): 27928 samples produced in 1s 508 ms on channel 0
2026-04-07 22:35:35,498 INFO o.a.j.r.d.ReportGenerator: Exporting data using exporter:'json' of className:'org.apache.jmeter.report.dashboard.JsonExporter'
2026-04-07 22:35:35,570 INFO o.a.j.r.d.JsonExporter: Found data for consumer statisticsSummary in context
2026-04-07 22:35:35,570 INFO o.a.j.r.d.JsonExporter: Creating statistics for overall
2026-04-07 22:35:35,570 INFO o.a.j.r.d.JsonExporter: Creating statistics for other transactions
2026-04-07 22:35:35,571 INFO o.a.j.r.d.JsonExporter: Checking output folder
2026-04-07 22:35:35,571 INFO o.a.j.r.d.JsonExporter: Writing statistics JSON to D:\Java Code\IdeaProjects\spring-boot-management-system\tmp\jmeter\admin-dashboard-50u-60s-report\statistics.json
2026-04-07 22:35:35,618 INFO o.a.j.r.d.ReportGenerator: Exporting data using exporter:'html' of className:'org.apache.jmeter.report.dashboard.HtmlTemplateExporter'
2026-04-07 22:35:35,621 INFO o.a.j.r.d.HtmlTemplateExporter: Will generate dashboard in folder: D:\Java Code\IdeaProjects\spring-boot-management-system\tmp\jmeter\admin-dashboard-50u-60s-report
2026-04-07 22:35:35,771 INFO o.a.j.r.d.HtmlTemplateExporter: Report will be generated in: D:\Java Code\IdeaProjects\spring-boot-management-system\tmp\jmeter\admin-dashboard-50u-60s-report, creating folder structure
2026-04-07 22:35:35,773 INFO o.a.j.r.d.TemplateVisitor: Copying folder from 'D:\Java Code\IdeaProjects\spring-boot-management-system\tools\apache-jmeter-5.6.3\apache-jmeter-5.6.3\bin\report-template' to 'D:\Java Code\IdeaProjects\spring-boot-management-system\tmp\jmeter\admin-dashboard-50u-60s-report', got message: D:\Java Code\IdeaProjects\spring-boot-management-system\tmp\jmeter\admin-dashboard-50u-60s-report, found non empty folder with following content [D:\Java Code\IdeaProjects\spring-boot-management-system\tmp\jmeter\admin-dashboard-50u-60s-report\statistics.json], will be ignored
2026-04-07 22:35:36,044 INFO o.a.j.JMeter: Dashboard generated
