2026-04-07 22:36:14,153 INFO o.a.j.u.JMeterUtils: Setting Locale to zh_CN
2026-04-07 22:36:14,177 INFO o.a.j.JMeter: Loading user properties from: D:\Java Code\IdeaProjects\spring-boot-management-system\tools\apache-jmeter-5.6.3\apache-jmeter-5.6.3\bin\user.properties
2026-04-07 22:36:14,178 INFO o.a.j.JMeter: Loading system properties from: D:\Java Code\IdeaProjects\spring-boot-management-system\tools\apache-jmeter-5.6.3\apache-jmeter-5.6.3\bin\system.properties
2026-04-07 22:36:14,178 INFO o.a.j.JMeter: Setting JMeter property: host=localhost
2026-04-07 22:36:14,178 INFO o.a.j.JMeter: Setting JMeter property: port=8080
2026-04-07 22:36:14,178 INFO o.a.j.JMeter: Setting JMeter property: threads=100
2026-04-07 22:36:14,179 INFO o.a.j.JMeter: Setting JMeter property: rampUp=20
2026-04-07 22:36:14,179 INFO o.a.j.JMeter: Setting JMeter property: duration=60
2026-04-07 22:36:14,187 INFO o.a.j.JMeter: Copyright (c) 1998-2024 The Apache Software Foundation
2026-04-07 22:36:14,187 INFO o.a.j.JMeter: Version 5.6.3
2026-04-07 22:36:14,187 INFO o.a.j.JMeter: java.version=21.0.2
2026-04-07 22:36:14,187 INFO o.a.j.JMeter: java.vm.name=Java HotSpot(TM) 64-Bit Server VM
2026-04-07 22:36:14,187 INFO o.a.j.JMeter: os.name=Windows 11
2026-04-07 22:36:14,187 INFO o.a.j.JMeter: os.arch=amd64
2026-04-07 22:36:14,187 INFO o.a.j.JMeter: os.version=10.0
2026-04-07 22:36:14,188 INFO o.a.j.JMeter: file.encoding=UTF-8
2026-04-07 22:36:14,188 INFO o.a.j.JMeter: java.awt.headless=true
2026-04-07 22:36:14,188 INFO o.a.j.JMeter: Max memory     =1073741824
2026-04-07 22:36:14,188 INFO o.a.j.JMeter: Available Processors =20
2026-04-07 22:36:14,197 INFO o.a.j.JMeter: Default Locale=English (EN)
2026-04-07 22:36:14,197 INFO o.a.j.JMeter: JMeter  Locale=Chinese (China)
2026-04-07 22:36:14,198 INFO o.a.j.JMeter: JMeterHome=D:\Java Code\IdeaProjects\spring-boot-management-system\tools\apache-jmeter-5.6.3\apache-jmeter-5.6.3
2026-04-07 22:36:14,198 INFO o.a.j.JMeter: user.dir  =D:\Java Code\IdeaProjects\spring-boot-management-system
2026-04-07 22:36:14,198 INFO o.a.j.JMeter: PWD       =D:\Java Code\IdeaProjects\spring-boot-management-system
2026-04-07 22:36:14,204 INFO o.a.j.JMeter: IP: 26.26.26.1 Name: Predator FullName: Predator
2026-04-07 22:36:14,216 INFO o.a.j.JMeter: Setting property 'jmeter.reportgenerator.outputdir' to:'D:\Java Code\IdeaProjects\spring-boot-management-system\tmp\jmeter\admin-dashboard-100u-60s-report'
2026-04-07 22:36:14,220 INFO o.a.j.s.FileServer: Default base='D:\Java Code\IdeaProjects\spring-boot-management-system'
2026-04-07 22:36:14,222 INFO o.a.j.s.FileServer: Set new base='D:\Java Code\IdeaProjects\spring-boot-management-system\scripts\jmeter'
2026-04-07 22:36:14,469 INFO o.a.j.s.SaveService: Testplan (JMX) version: 2.2. Testlog (JTL) version: 2.2
2026-04-07 22:36:14,508 INFO o.a.j.s.SaveService: Using SaveService properties version 5.0
2026-04-07 22:36:14,513 INFO o.a.j.s.SaveService: Using SaveService properties file encoding UTF-8
2026-04-07 22:36:14,517 INFO o.a.j.s.SaveService: Loading file: D:\Java Code\IdeaProjects\spring-boot-management-system\scripts\jmeter\admin-dashboard-concurrency.jmx
2026-04-07 22:36:14,571 INFO o.a.j.p.h.c.CookieManager: Settings: Delete null: true Check: true Allow variable: true Save: false Prefix: COOKIE_
2026-04-07 22:36:14,603 INFO o.a.j.p.h.s.HTTPSamplerBase: Parser for text/html is org.apache.jmeter.protocol.http.parser.LagartoBasedHtmlParser
2026-04-07 22:36:14,603 INFO o.a.j.p.h.s.HTTPSamplerBase: Parser for application/xhtml+xml is org.apache.jmeter.protocol.http.parser.LagartoBasedHtmlParser
2026-04-07 22:36:14,603 INFO o.a.j.p.h.s.HTTPSamplerBase: Parser for application/xml is org.apache.jmeter.protocol.http.parser.LagartoBasedHtmlParser
2026-04-07 22:36:14,603 INFO o.a.j.p.h.s.HTTPSamplerBase: Parser for text/xml is org.apache.jmeter.protocol.http.parser.LagartoBasedHtmlParser
2026-04-07 22:36:14,603 INFO o.a.j.p.h.s.HTTPSamplerBase: Parser for text/vnd.wap.wml is org.apache.jmeter.protocol.http.parser.RegexpHTMLParser
2026-04-07 22:36:14,603 INFO o.a.j.p.h.s.HTTPSamplerBase: Parser for text/css is org.apache.jmeter.protocol.http.parser.CssParser
2026-04-07 22:36:14,626 INFO o.a.j.JMeter: Creating summariser <summary>
2026-04-07 22:36:14,640 INFO o.a.j.r.d.ReportGenerator: ReportGenerator will use for Parsing the separator: ','
2026-04-07 22:36:14,640 INFO o.a.j.r.d.ReportGenerator: Will generate report at end of test from  results file: D:\Java Code\IdeaProjects\spring-boot-management-system\tmp\jmeter\admin-dashboard-100u-60s.jtl
2026-04-07 22:36:14,640 INFO o.a.j.r.d.ReportGenerator: Reading report generator properties from: D:\Java Code\IdeaProjects\spring-boot-management-system\tools\apache-jmeter-5.6.3\apache-jmeter-5.6.3\bin\reportgenerator.properties
2026-04-07 22:36:14,641 INFO o.a.j.r.d.ReportGenerator: Merging with JMeter properties
2026-04-07 22:36:14,645 INFO o.a.j.r.c.ReportGeneratorConfiguration: Property 'jmeter.reportgenerator.temp_dir' not found, using default value 'temp' instead.
2026-04-07 22:36:14,647 INFO o.a.j.r.c.ReportGeneratorConfiguration: Property 'jmeter.reportgenerator.apdex_per_transaction' not found, using default value 'null' instead.
2026-04-07 22:36:14,647 INFO o.a.j.r.c.ReportGeneratorConfiguration: apdex_per_transaction is empty, not APDEX per transaction customization
2026-04-07 22:36:14,647 INFO o.a.j.r.c.ReportGeneratorConfiguration: Property 'jmeter.reportgenerator.sample_filter' not found, using default value 'null' instead.
2026-04-07 22:36:14,647 INFO o.a.j.r.c.ReportGeneratorConfiguration: Property 'jmeter.reportgenerator.report_title' not found, using default value 'null' instead.
2026-04-07 22:36:14,648 INFO o.a.j.r.c.ReportGeneratorConfiguration: Property 'jmeter.reportgenerator.start_date' not found, using default value 'null' instead.
2026-04-07 22:36:14,648 INFO o.a.j.r.c.ReportGeneratorConfiguration: Property 'jmeter.reportgenerator.end_date' not found, using default value 'null' instead.
2026-04-07 22:36:14,648 INFO o.a.j.r.c.ReportGeneratorConfiguration: Property 'jmeter.reportgenerator.date_format' not found, using default value 'null' instead.
2026-04-07 22:36:14,649 INFO o.a.j.r.c.ReportGeneratorConfiguration: Will use date range start date: null, end date: null
2026-04-07 22:36:14,652 INFO o.a.j.r.c.ReportGeneratorConfiguration: Property 'jmeter.reportgenerator.graph.totalTPS.exclude_controllers' not found, using default value 'false' instead.
2026-04-07 22:36:14,652 INFO o.a.j.r.c.ReportGeneratorConfiguration: Property 'jmeter.reportgenerator.graph.activeThreadsOverTime.exclude_controllers' not found, using default value 'false' instead.
2026-04-07 22:36:14,652 INFO o.a.j.r.c.ReportGeneratorConfiguration: Property 'jmeter.reportgenerator.graph.timeVsThreads.exclude_controllers' not found, using default value 'false' instead.
2026-04-07 22:36:14,652 INFO o.a.j.r.c.ReportGeneratorConfiguration: Property 'jmeter.reportgenerator.graph.responseTimeDistribution.exclude_controllers' not found, using default value 'false' instead.
2026-04-07 22:36:14,653 INFO o.a.j.r.c.ReportGeneratorConfiguration: Property 'jmeter.reportgenerator.graph.transactionsPerSecond.exclude_controllers' not found, using default value 'false' instead.
2026-04-07 22:36:14,653 INFO o.a.j.r.c.ReportGeneratorConfiguration: Property 'jmeter.reportgenerator.graph.responseTimePercentiles.exclude_controllers' not found, using default value 'false' instead.
2026-04-07 22:36:14,654 INFO o.a.j.r.c.ReportGeneratorConfiguration: Property 'jmeter.reportgenerator.graph.responseTimePercentilesOverTime.exclude_controllers' not found, using default value 'false' instead.
2026-04-07 22:36:14,654 INFO o.a.j.r.c.ReportGeneratorConfiguration: Property 'jmeter.reportgenerator.graph.responseTimesOverTime.exclude_controllers' not found, using default value 'false' instead.
2026-04-07 22:36:14,654 INFO o.a.j.r.c.ReportGeneratorConfiguration: Property 'jmeter.reportgenerator.graph.connectTimeOverTime.exclude_controllers' not found, using default value 'false' instead.
2026-04-07 22:36:14,655 INFO o.a.j.r.c.ReportGeneratorConfiguration: Property 'jmeter.reportgenerator.graph.latenciesOverTime.exclude_controllers' not found, using default value 'false' instead.
2026-04-07 22:36:14,656 INFO o.a.j.r.c.ReportGeneratorConfiguration: Property 'jmeter.reportgenerator.exporter.json.filters_only_sample_series' not found, using default value 'true' instead.
2026-04-07 22:36:14,656 INFO o.a.j.r.c.ReportGeneratorConfiguration: Property 'jmeter.reportgenerator.exporter.json.series_filter' not found, using default value '' instead.
2026-04-07 22:36:14,656 INFO o.a.j.r.c.ReportGeneratorConfiguration: Property 'jmeter.reportgenerator.exporter.json.show_controllers_only' not found, using default value 'false' instead.
2026-04-07 22:36:14,657 INFO o.a.j.r.c.ReportGeneratorConfiguration: Property 'jmeter.reportgenerator.exporter.html.filters_only_sample_series' not found, using default value 'true' instead.
2026-04-07 22:36:14,657 INFO o.a.j.r.c.ReportGeneratorConfiguration: Property 'jmeter.reportgenerator.exporter.html.series_filter' not found, using default value '' instead.
2026-04-07 22:36:14,657 INFO o.a.j.r.c.ReportGeneratorConfiguration: Property 'jmeter.reportgenerator.exporter.html.show_controllers_only' not found, using default value 'false' instead.
2026-04-07 22:36:14,675 INFO o.a.j.e.StandardJMeterEngine: Running the test!
2026-04-07 22:36:14,675 INFO o.a.j.s.SampleEvent: List of sample_variables: []
2026-04-07 22:36:14,675 INFO o.a.j.s.SampleEvent: List of sample_variables: []
2026-04-07 22:36:14,681 INFO o.a.j.e.u.CompoundVariable: Note: Function class names must contain the string: '.functions.'
2026-04-07 22:36:14,681 INFO o.a.j.e.u.CompoundVariable: Note: Function class names must not contain the string: '.gui.'
2026-04-07 22:36:14,813 INFO o.a.j.JMeter: 正在运行的测试 (1775572574813)
2026-04-07 22:36:14,831 INFO o.a.j.e.StandardJMeterEngine: Starting ThreadGroup: 1 : Concurrent Admin Users
2026-04-07 22:36:14,832 INFO o.a.j.e.StandardJMeterEngine: Starting 100 threads for group Concurrent Admin Users.
2026-04-07 22:36:14,832 INFO o.a.j.e.StandardJMeterEngine: Thread will continue on error
2026-04-07 22:36:14,832 INFO o.a.j.t.ThreadGroup: Starting thread group... number=1 threads=100 ramp-up=20 delayedStart=false
2026-04-07 22:36:14,850 INFO o.a.j.t.JMeterThread: Thread started: Concurrent Admin Users 1-1
2026-04-07 22:36:14,889 INFO o.a.j.p.h.s.HTTPHCAbstractImpl: Local host = Predator
2026-04-07 22:36:14,913 INFO o.a.j.t.ThreadGroup: Started thread group number 1
2026-04-07 22:36:14,913 INFO o.a.j.e.StandardJMeterEngine: All thread groups have been started
2026-04-07 22:36:14,914 INFO o.a.j.p.h.s.HTTPHC4Impl: HTTP request retry count = 0
2026-04-07 22:36:14,918 INFO o.a.j.s.SampleResult: Note: Sample TimeStamps are START times
2026-04-07 22:36:14,918 INFO o.a.j.s.SampleResult: sampleresult.default.encoding is set to UTF-8
2026-04-07 22:36:14,918 INFO o.a.j.s.SampleResult: sampleresult.useNanoTime=true
2026-04-07 22:36:14,918 INFO o.a.j.s.SampleResult: sampleresult.nanoThreadSleep=5000
2026-04-07 22:36:15,044 INFO o.a.j.t.JMeterThread: Thread started: Concurrent Admin Users 1-2
2026-04-07 22:36:15,243 INFO o.a.j.t.JMeterThread: Thread started: Concurrent Admin Users 1-3
2026-04-07 22:36:15,443 INFO o.a.j.t.JMeterThread: Thread started: Concurrent Admin Users 1-4
2026-04-07 22:36:15,641 INFO o.a.j.t.JMeterThread: Thread started: Concurrent Admin Users 1-5
2026-04-07 22:36:15,841 INFO o.a.j.t.JMeterThread: Thread started: Concurrent Admin Users 1-6
2026-04-07 22:36:16,037 INFO o.a.j.t.JMeterThread: Thread started: Concurrent Admin Users 1-7
2026-04-07 22:36:16,237 INFO o.a.j.t.JMeterThread: Thread started: Concurrent Admin Users 1-8
2026-04-07 22:36:16,438 INFO o.a.j.t.JMeterThread: Thread started: Concurrent Admin Users 1-9
2026-04-07 22:36:16,635 INFO o.a.j.t.JMeterThread: Thread started: Concurrent Admin Users 1-10
2026-04-07 22:36:16,834 INFO o.a.j.t.JMeterThread: Thread started: Concurrent Admin Users 1-11
2026-04-07 22:36:17,034 INFO o.a.j.t.JMeterThread: Thread started: Concurrent Admin Users 1-12
2026-04-07 22:36:17,240 INFO o.a.j.t.JMeterThread: Thread started: Concurrent Admin Users 1-13
2026-04-07 22:36:17,442 INFO o.a.j.t.JMeterThread: Thread started: Concurrent Admin Users 1-14
2026-04-07 22:36:17,647 INFO o.a.j.t.JMeterThread: Thread started: Concurrent Admin Users 1-15
2026-04-07 22:36:17,845 INFO o.a.j.t.JMeterThread: Thread started: Concurrent Admin Users 1-16
2026-04-07 22:36:18,034 INFO o.a.j.t.JMeterThread: Thread started: Concurrent Admin Users 1-17
2026-04-07 22:36:18,270 INFO o.a.j.t.JMeterThread: Thread started: Concurrent Admin Users 1-18
2026-04-07 22:36:18,443 INFO o.a.j.t.JMeterThread: Thread started: Concurrent Admin Users 1-19
2026-04-07 22:36:18,639 INFO o.a.j.t.JMeterThread: Thread started: Concurrent Admin Users 1-20
2026-04-07 22:36:18,843 INFO o.a.j.t.JMeterThread: Thread started: Concurrent Admin Users 1-21
2026-04-07 22:36:19,051 INFO o.a.j.t.JMeterThread: Thread started: Concurrent Admin Users 1-22
2026-04-07 22:36:19,251 INFO o.a.j.t.JMeterThread: Thread started: Concurrent Admin Users 1-23
2026-04-07 22:36:19,434 INFO o.a.j.t.JMeterThread: Thread started: Concurrent Admin Users 1-24
2026-04-07 22:36:19,665 INFO o.a.j.t.JMeterThread: Thread started: Concurrent Admin Users 1-25
2026-04-07 22:36:19,841 INFO o.a.j.t.JMeterThread: Thread started: Concurrent Admin Users 1-26
2026-04-07 22:36:20,044 INFO o.a.j.t.JMeterThread: Thread started: Concurrent Admin Users 1-27
2026-04-07 22:36:20,247 INFO o.a.j.t.JMeterThread: Thread started: Concurrent Admin Users 1-28
2026-04-07 22:36:20,487 INFO o.a.j.t.JMeterThread: Thread started: Concurrent Admin Users 1-29
2026-04-07 22:36:20,652 INFO o.a.j.t.JMeterThread: Thread started: Concurrent Admin Users 1-30
2026-04-07 22:36:20,864 INFO o.a.j.t.JMeterThread: Thread started: Concurrent Admin Users 1-31
2026-04-07 22:36:21,041 INFO o.a.j.t.JMeterThread: Thread started: Concurrent Admin Users 1-32
2026-04-07 22:36:21,244 INFO o.a.j.t.JMeterThread: Thread started: Concurrent Admin Users 1-33
2026-04-07 22:36:21,444 INFO o.a.j.t.JMeterThread: Thread started: Concurrent Admin Users 1-34
2026-04-07 22:36:21,652 INFO o.a.j.t.JMeterThread: Thread started: Concurrent Admin Users 1-35
2026-04-07 22:36:21,851 INFO o.a.j.t.JMeterThread: Thread started: Concurrent Admin Users 1-36
2026-04-07 22:36:22,047 INFO o.a.j.t.JMeterThread: Thread started: Concurrent Admin Users 1-37
2026-04-07 22:36:22,253 INFO o.a.j.t.JMeterThread: Thread started: Concurrent Admin Users 1-38
2026-04-07 22:36:22,453 INFO o.a.j.t.JMeterThread: Thread started: Concurrent Admin Users 1-39
2026-04-07 22:36:22,640 INFO o.a.j.t.JMeterThread: Thread started: Concurrent Admin Users 1-40
2026-04-07 22:36:22,860 INFO o.a.j.t.JMeterThread: Thread started: Concurrent Admin Users 1-41
2026-04-07 22:36:23,045 INFO o.a.j.t.JMeterThread: Thread started: Concurrent Admin Users 1-42
2026-04-07 22:36:23,247 INFO o.a.j.t.JMeterThread: Thread started: Concurrent Admin Users 1-43
2026-04-07 22:36:23,449 INFO o.a.j.t.JMeterThread: Thread started: Concurrent Admin Users 1-44
2026-04-07 22:36:23,644 INFO o.a.j.t.JMeterThread: Thread started: Concurrent Admin Users 1-45
2026-04-07 22:36:23,854 INFO o.a.j.t.JMeterThread: Thread started: Concurrent Admin Users 1-46
2026-04-07 22:36:24,043 INFO o.a.j.t.JMeterThread: Thread started: Concurrent Admin Users 1-47
2026-04-07 22:36:24,240 INFO o.a.j.t.JMeterThread: Thread started: Concurrent Admin Users 1-48
2026-04-07 22:36:24,448 INFO o.a.j.t.JMeterThread: Thread started: Concurrent Admin Users 1-49
2026-04-07 22:36:24,649 INFO o.a.j.t.JMeterThread: Thread started: Concurrent Admin Users 1-50
2026-04-07 22:36:24,850 INFO o.a.j.t.JMeterThread: Thread started: Concurrent Admin Users 1-51
2026-04-07 22:36:25,054 INFO o.a.j.t.JMeterThread: Thread started: Concurrent Admin Users 1-52
2026-04-07 22:36:25,253 INFO o.a.j.t.JMeterThread: Thread started: Concurrent Admin Users 1-53
2026-04-07 22:36:25,455 INFO o.a.j.t.JMeterThread: Thread started: Concurrent Admin Users 1-54
2026-04-07 22:36:25,659 INFO o.a.j.t.JMeterThread: Thread started: Concurrent Admin Users 1-55
2026-04-07 22:36:25,861 INFO o.a.j.t.JMeterThread: Thread started: Concurrent Admin Users 1-56
2026-04-07 22:36:26,047 INFO o.a.j.t.JMeterThread: Thread started: Concurrent Admin Users 1-57
2026-04-07 22:36:26,252 INFO o.a.j.t.JMeterThread: Thread started: Concurrent Admin Users 1-58
2026-04-07 22:36:26,455 INFO o.a.j.t.JMeterThread: Thread started: Concurrent Admin Users 1-59
2026-04-07 22:36:26,647 INFO o.a.j.t.JMeterThread: Thread started: Concurrent Admin Users 1-60
2026-04-07 22:36:26,845 INFO o.a.j.t.JMeterThread: Thread started: Concurrent Admin Users 1-61
2026-04-07 22:36:27,049 INFO o.a.j.t.JMeterThread: Thread started: Concurrent Admin Users 1-62
2026-04-07 22:36:27,243 INFO o.a.j.t.JMeterThread: Thread started: Concurrent Admin Users 1-63
2026-04-07 22:36:27,456 INFO o.a.j.t.JMeterThread: Thread started: Concurrent Admin Users 1-64
2026-04-07 22:36:27,651 INFO o.a.j.t.JMeterThread: Thread started: Concurrent Admin Users 1-65
2026-04-07 22:36:27,858 INFO o.a.j.t.JMeterThread: Thread started: Concurrent Admin Users 1-66
2026-04-07 22:36:28,055 INFO o.a.j.t.JMeterThread: Thread started: Concurrent Admin Users 1-67
2026-04-07 22:36:28,244 INFO o.a.j.t.JMeterThread: Thread started: Concurrent Admin Users 1-68
2026-04-07 22:36:28,442 INFO o.a.j.t.JMeterThread: Thread started: Concurrent Admin Users 1-69
2026-04-07 22:36:28,639 INFO o.a.j.t.JMeterThread: Thread started: Concurrent Admin Users 1-70
2026-04-07 22:36:28,856 INFO o.a.j.t.JMeterThread: Thread started: Concurrent Admin Users 1-71
2026-04-07 22:36:29,048 INFO o.a.j.t.JMeterThread: Thread started: Concurrent Admin Users 1-72
2026-04-07 22:36:29,245 INFO o.a.j.t.JMeterThread: Thread started: Concurrent Admin Users 1-73
2026-04-07 22:36:29,452 INFO o.a.j.t.JMeterThread: Thread started: Concurrent Admin Users 1-74
2026-04-07 22:36:29,641 INFO o.a.j.t.JMeterThread: Thread started: Concurrent Admin Users 1-75
2026-04-07 22:36:29,839 INFO o.a.j.t.JMeterThread: Thread started: Concurrent Admin Users 1-76
2026-04-07 22:36:30,019 INFO o.a.j.r.Summariser: summary +   4565 in 00:00:15 =  300.6/s Avg:   125 Min:     2 Max:   378 Err:     0 (0.00%) Active: 76 Started: 76 Finished: 0
2026-04-07 22:36:30,041 INFO o.a.j.t.JMeterThread: Thread started: Concurrent Admin Users 1-77
2026-04-07 22:36:30,234 INFO o.a.j.t.JMeterThread: Thread started: Concurrent Admin Users 1-78
2026-04-07 22:36:30,444 INFO o.a.j.t.JMeterThread: Thread started: Concurrent Admin Users 1-79
2026-04-07 22:36:30,642 INFO o.a.j.t.JMeterThread: Thread started: Concurrent Admin Users 1-80
2026-04-07 22:36:30,854 INFO o.a.j.t.JMeterThread: Thread started: Concurrent Admin Users 1-81
2026-04-07 22:36:31,057 INFO o.a.j.t.JMeterThread: Thread started: Concurrent Admin Users 1-82
2026-04-07 22:36:31,249 INFO o.a.j.t.JMeterThread: Thread started: Concurrent Admin Users 1-83
2026-04-07 22:36:31,466 INFO o.a.j.t.JMeterThread: Thread started: Concurrent Admin Users 1-84
2026-04-07 22:36:31,642 INFO o.a.j.t.JMeterThread: Thread started: Concurrent Admin Users 1-85
2026-04-07 22:36:31,852 INFO o.a.j.t.JMeterThread: Thread started: Concurrent Admin Users 1-86
2026-04-07 22:36:32,052 INFO o.a.j.t.JMeterThread: Thread started: Concurrent Admin Users 1-87
2026-04-07 22:36:32,253 INFO o.a.j.t.JMeterThread: Thread started: Concurrent Admin Users 1-88
2026-04-07 22:36:32,456 INFO o.a.j.t.JMeterThread: Thread started: Concurrent Admin Users 1-89
2026-04-07 22:36:32,648 INFO o.a.j.t.JMeterThread: Thread started: Concurrent Admin Users 1-90
2026-04-07 22:36:32,853 INFO o.a.j.t.JMeterThread: Thread started: Concurrent Admin Users 1-91
2026-04-07 22:36:33,050 INFO o.a.j.t.JMeterThread: Thread started: Concurrent Admin Users 1-92
2026-04-07 22:36:33,261 INFO o.a.j.t.JMeterThread: Thread started: Concurrent Admin Users 1-93
2026-04-07 22:36:33,478 INFO o.a.j.t.JMeterThread: Thread started: Concurrent Admin Users 1-94
2026-04-07 22:36:33,647 INFO o.a.j.t.JMeterThread: Thread started: Concurrent Admin Users 1-95
2026-04-07 22:36:33,858 INFO o.a.j.t.JMeterThread: Thread started: Concurrent Admin Users 1-96
2026-04-07 22:36:34,041 INFO o.a.j.t.JMeterThread: Thread started: Concurrent Admin Users 1-97
2026-04-07 22:36:34,245 INFO o.a.j.t.JMeterThread: Thread started: Concurrent Admin Users 1-98
2026-04-07 22:36:34,455 INFO o.a.j.t.JMeterThread: Thread started: Concurrent Admin Users 1-99
2026-04-07 22:36:34,662 INFO o.a.j.t.JMeterThread: Thread started: Concurrent Admin Users 1-100
2026-04-07 22:37:00,001 INFO o.a.j.r.Summariser: summary +  11110 in 00:00:30 =  370.3/s Avg:   263 Min:     2 Max:   847 Err:     0 (0.00%) Active: 100 Started: 100 Finished: 0
2026-04-07 22:37:00,002 INFO o.a.j.r.Summariser: summary =  15675 in 00:00:45 =  346.9/s Avg:   223 Min:     2 Max:   847 Err:     0 (0.00%)
2026-04-07 22:37:14,852 INFO o.a.j.t.JMeterThread: Stopping because end time detected by thread: Concurrent Admin Users 1-12
2026-04-07 22:37:14,853 INFO o.a.j.t.JMeterThread: Thread finished: Concurrent Admin Users 1-12
2026-04-07 22:37:14,866 INFO o.a.j.t.JMeterThread: Stopping because end time detected by thread: Concurrent Admin Users 1-37
2026-04-07 22:37:14,866 INFO o.a.j.t.JMeterThread: Thread finished: Concurrent Admin Users 1-37
2026-04-07 22:37:14,878 INFO o.a.j.t.JMeterThread: Stopping because end time detected by thread: Concurrent Admin Users 1-22
2026-04-07 22:37:14,878 INFO o.a.j.t.JMeterThread: Thread finished: Concurrent Admin Users 1-22
2026-04-07 22:37:14,885 INFO o.a.j.t.JMeterThread: Stopping because end time detected by thread: Concurrent Admin Users 1-14
2026-04-07 22:37:14,886 INFO o.a.j.t.JMeterThread: Thread finished: Concurrent Admin Users 1-14
2026-04-07 22:37:14,890 INFO o.a.j.t.JMeterThread: Stopping because end time detected by thread: Concurrent Admin Users 1-23
2026-04-07 22:37:14,890 INFO o.a.j.t.JMeterThread: Thread finished: Concurrent Admin Users 1-23
2026-04-07 22:37:14,891 INFO o.a.j.t.JMeterThread: Stopping because end time detected by thread: Concurrent Admin Users 1-18
2026-04-07 22:37:14,891 INFO o.a.j.t.JMeterThread: Thread finished: Concurrent Admin Users 1-18
2026-04-07 22:37:14,891 INFO o.a.j.t.JMeterThread: Stopping because end time detected by thread: Concurrent Admin Users 1-33
2026-04-07 22:37:14,892 INFO o.a.j.t.JMeterThread: Thread finished: Concurrent Admin Users 1-33
2026-04-07 22:37:14,895 INFO o.a.j.t.JMeterThread: Stopping because end time detected by thread: Concurrent Admin Users 1-30
2026-04-07 22:37:14,896 INFO o.a.j.t.JMeterThread: Thread finished: Concurrent Admin Users 1-30
2026-04-07 22:37:14,898 INFO o.a.j.t.JMeterThread: Stopping because end time detected by thread: Concurrent Admin Users 1-78
2026-04-07 22:37:14,898 INFO o.a.j.t.JMeterThread: Thread finished: Concurrent Admin Users 1-78
2026-04-07 22:37:14,899 INFO o.a.j.t.JMeterThread: Stopping because end time detected by thread: Concurrent Admin Users 1-28
2026-04-07 22:37:14,900 INFO o.a.j.t.JMeterThread: Thread finished: Concurrent Admin Users 1-28
2026-04-07 22:37:14,901 INFO o.a.j.t.JMeterThread: Stopping because end time detected by thread: Concurrent Admin Users 1-72
2026-04-07 22:37:14,901 INFO o.a.j.t.JMeterThread: Thread finished: Concurrent Admin Users 1-72
2026-04-07 22:37:14,906 INFO o.a.j.t.JMeterThread: Stopping because end time detected by thread: Concurrent Admin Users 1-77
2026-04-07 22:37:14,906 INFO o.a.j.t.JMeterThread: Stopping because end time detected by thread: Concurrent Admin Users 1-76
2026-04-07 22:37:14,906 INFO o.a.j.t.JMeterThread: Stopping because end time detected by thread: Concurrent Admin Users 1-81
2026-04-07 22:37:14,906 INFO o.a.j.t.JMeterThread: Thread finished: Concurrent Admin Users 1-76
2026-04-07 22:37:14,906 INFO o.a.j.t.JMeterThread: Thread finished: Concurrent Admin Users 1-77
2026-04-07 22:37:14,906 INFO o.a.j.t.JMeterThread: Stopping because end time detected by thread: Concurrent Admin Users 1-57
2026-04-07 22:37:14,906 INFO o.a.j.t.JMeterThread: Thread finished: Concurrent Admin Users 1-81
2026-04-07 22:37:14,906 INFO o.a.j.t.JMeterThread: Thread finished: Concurrent Admin Users 1-57
2026-04-07 22:37:14,916 INFO o.a.j.t.JMeterThread: Stopping because end time detected by thread: Concurrent Admin Users 1-24
2026-04-07 22:37:14,917 INFO o.a.j.t.JMeterThread: Thread finished: Concurrent Admin Users 1-24
2026-04-07 22:37:14,919 INFO o.a.j.t.JMeterThread: Stopping because end time detected by thread: Concurrent Admin Users 1-56
2026-04-07 22:37:14,919 INFO o.a.j.t.JMeterThread: Thread finished: Concurrent Admin Users 1-56
2026-04-07 22:37:14,923 INFO o.a.j.t.JMeterThread: Stopping because end time detected by thread: Concurrent Admin Users 1-83
2026-04-07 22:37:14,923 INFO o.a.j.t.JMeterThread: Thread finished: Concurrent Admin Users 1-83
2026-04-07 22:37:14,923 INFO o.a.j.t.JMeterThread: Stopping because end time detected by thread: Concurrent Admin Users 1-91
2026-04-07 22:37:14,923 INFO o.a.j.t.JMeterThread: Thread finished: Concurrent Admin Users 1-91
2026-04-07 22:37:14,924 INFO o.a.j.t.JMeterThread: Stopping because end time detected by thread: Concurrent Admin Users 1-75
2026-04-07 22:37:14,924 INFO o.a.j.t.JMeterThread: Stopping because end time detected by thread: Concurrent Admin Users 1-26
2026-04-07 22:37:14,924 INFO o.a.j.t.JMeterThread: Thread finished: Concurrent Admin Users 1-75
2026-04-07 22:37:14,925 INFO o.a.j.t.JMeterThread: Thread finished: Concurrent Admin Users 1-26
2026-04-07 22:37:14,925 INFO o.a.j.t.JMeterThread: Stopping because end time detected by thread: Concurrent Admin Users 1-82
2026-04-07 22:37:14,925 INFO o.a.j.t.JMeterThread: Thread finished: Concurrent Admin Users 1-82
2026-04-07 22:37:14,927 INFO o.a.j.t.JMeterThread: Stopping because end time detected by thread: Concurrent Admin Users 1-97
2026-04-07 22:37:14,927 INFO o.a.j.t.JMeterThread: Thread finished: Concurrent Admin Users 1-97
2026-04-07 22:37:14,927 INFO o.a.j.t.JMeterThread: Stopping because end time detected by thread: Concurrent Admin Users 1-64
2026-04-07 22:37:14,927 INFO o.a.j.t.JMeterThread: Thread finished: Concurrent Admin Users 1-64
2026-04-07 22:37:14,927 INFO o.a.j.t.JMeterThread: Stopping because end time detected by thread: Concurrent Admin Users 1-25
2026-04-07 22:37:14,927 INFO o.a.j.t.JMeterThread: Thread finished: Concurrent Admin Users 1-25
2026-04-07 22:37:14,929 INFO o.a.j.t.JMeterThread: Stopping because end time detected by thread: Concurrent Admin Users 1-38
2026-04-07 22:37:14,929 INFO o.a.j.t.JMeterThread: Thread finished: Concurrent Admin Users 1-38
2026-04-07 22:37:14,931 INFO o.a.j.t.JMeterThread: Stopping because end time detected by thread: Concurrent Admin Users 1-41
2026-04-07 22:37:14,931 INFO o.a.j.t.JMeterThread: Thread finished: Concurrent Admin Users 1-41
2026-04-07 22:37:14,931 INFO o.a.j.t.JMeterThread: Stopping because end time detected by thread: Concurrent Admin Users 1-73
2026-04-07 22:37:14,931 INFO o.a.j.t.JMeterThread: Stopping because end time detected by thread: Concurrent Admin Users 1-93
2026-04-07 22:37:14,931 INFO o.a.j.t.JMeterThread: Thread finished: Concurrent Admin Users 1-93
2026-04-07 22:37:14,931 INFO o.a.j.t.JMeterThread: Thread finished: Concurrent Admin Users 1-73
2026-04-07 22:37:14,932 INFO o.a.j.t.JMeterThread: Stopping because end time detected by thread: Concurrent Admin Users 1-70
2026-04-07 22:37:14,933 INFO o.a.j.t.JMeterThread: Thread finished: Concurrent Admin Users 1-70
2026-04-07 22:37:14,933 INFO o.a.j.t.JMeterThread: Stopping because end time detected by thread: Concurrent Admin Users 1-39
2026-04-07 22:37:14,933 INFO o.a.j.t.JMeterThread: Thread finished: Concurrent Admin Users 1-39
2026-04-07 22:37:14,934 INFO o.a.j.t.JMeterThread: Stopping because end time detected by thread: Concurrent Admin Users 1-1
2026-04-07 22:37:14,934 INFO o.a.j.t.JMeterThread: Thread finished: Concurrent Admin Users 1-1
2026-04-07 22:37:14,936 INFO o.a.j.t.JMeterThread: Stopping because end time detected by thread: Concurrent Admin Users 1-36
2026-04-07 22:37:14,936 INFO o.a.j.t.JMeterThread: Stopping because end time detected by thread: Concurrent Admin Users 1-16
2026-04-07 22:37:14,936 INFO o.a.j.t.JMeterThread: Thread finished: Concurrent Admin Users 1-36
2026-04-07 22:37:14,936 INFO o.a.j.t.JMeterThread: Thread finished: Concurrent Admin Users 1-16
2026-04-07 22:37:14,941 INFO o.a.j.t.JMeterThread: Stopping because end time detected by thread: Concurrent Admin Users 1-40
2026-04-07 22:37:14,941 INFO o.a.j.t.JMeterThread: Stopping because end time detected by thread: Concurrent Admin Users 1-15
2026-04-07 22:37:14,941 INFO o.a.j.t.JMeterThread: Stopping because end time detected by thread: Concurrent Admin Users 1-74
2026-04-07 22:37:14,941 INFO o.a.j.t.JMeterThread: Thread finished: Concurrent Admin Users 1-40
2026-04-07 22:37:14,941 INFO o.a.j.t.JMeterThread: Stopping because end time detected by thread: Concurrent Admin Users 1-29
2026-04-07 22:37:14,942 INFO o.a.j.t.JMeterThread: Thread finished: Concurrent Admin Users 1-15
2026-04-07 22:37:14,942 INFO o.a.j.t.JMeterThread: Thread finished: Concurrent Admin Users 1-74
2026-04-07 22:37:14,942 INFO o.a.j.t.JMeterThread: Thread finished: Concurrent Admin Users 1-29
2026-04-07 22:37:14,943 INFO o.a.j.t.JMeterThread: Stopping because end time detected by thread: Concurrent Admin Users 1-79
2026-04-07 22:37:14,943 INFO o.a.j.t.JMeterThread: Thread finished: Concurrent Admin Users 1-79
2026-04-07 22:37:14,943 INFO o.a.j.t.JMeterThread: Stopping because end time detected by thread: Concurrent Admin Users 1-95
2026-04-07 22:37:14,943 INFO o.a.j.t.JMeterThread: Thread finished: Concurrent Admin Users 1-95
2026-04-07 22:37:14,944 INFO o.a.j.t.JMeterThread: Stopping because end time detected by thread: Concurrent Admin Users 1-9
2026-04-07 22:37:14,944 INFO o.a.j.t.JMeterThread: Thread finished: Concurrent Admin Users 1-9
2026-04-07 22:37:14,946 INFO o.a.j.t.JMeterThread: Stopping because end time detected by thread: Concurrent Admin Users 1-61
2026-04-07 22:37:14,946 INFO o.a.j.t.JMeterThread: Stopping because end time detected by thread: Concurrent Admin Users 1-43
2026-04-07 22:37:14,946 INFO o.a.j.t.JMeterThread: Thread finished: Concurrent Admin Users 1-43
2026-04-07 22:37:14,946 INFO o.a.j.t.JMeterThread: Thread finished: Concurrent Admin Users 1-61
2026-04-07 22:37:14,946 INFO o.a.j.t.JMeterThread: Stopping because end time detected by thread: Concurrent Admin Users 1-17
2026-04-07 22:37:14,946 INFO o.a.j.t.JMeterThread: Thread finished: Concurrent Admin Users 1-17
2026-04-07 22:37:14,947 INFO o.a.j.t.JMeterThread: Stopping because end time detected by thread: Concurrent Admin Users 1-69
2026-04-07 22:37:14,947 INFO o.a.j.t.JMeterThread: Thread finished: Concurrent Admin Users 1-69
2026-04-07 22:37:14,948 INFO o.a.j.t.JMeterThread: Stopping because end time detected by thread: Concurrent Admin Users 1-98
2026-04-07 22:37:14,948 INFO o.a.j.t.JMeterThread: Thread finished: Concurrent Admin Users 1-98
2026-04-07 22:37:14,948 INFO o.a.j.t.JMeterThread: Stopping because end time detected by thread: Concurrent Admin Users 1-66
2026-04-07 22:37:14,948 INFO o.a.j.t.JMeterThread: Thread finished: Concurrent Admin Users 1-66
2026-04-07 22:37:14,948 INFO o.a.j.t.JMeterThread: Stopping because end time detected by thread: Concurrent Admin Users 1-45
2026-04-07 22:37:14,948 INFO o.a.j.t.JMeterThread: Thread finished: Concurrent Admin Users 1-45
2026-04-07 22:37:14,949 INFO o.a.j.t.JMeterThread: Stopping because end time detected by thread: Concurrent Admin Users 1-34
2026-04-07 22:37:14,949 INFO o.a.j.t.JMeterThread: Thread finished: Concurrent Admin Users 1-34
2026-04-07 22:37:14,954 INFO o.a.j.t.JMeterThread: Stopping because end time detected by thread: Concurrent Admin Users 1-88
2026-04-07 22:37:14,954 INFO o.a.j.t.JMeterThread: Thread finished: Concurrent Admin Users 1-88
2026-04-07 22:37:14,956 INFO o.a.j.t.JMeterThread: Stopping because end time detected by thread: Concurrent Admin Users 1-68
2026-04-07 22:37:14,956 INFO o.a.j.t.JMeterThread: Thread finished: Concurrent Admin Users 1-68
2026-04-07 22:37:14,957 INFO o.a.j.t.JMeterThread: Stopping because end time detected by thread: Concurrent Admin Users 1-10
2026-04-07 22:37:14,957 INFO o.a.j.t.JMeterThread: Thread finished: Concurrent Admin Users 1-10
2026-04-07 22:37:14,957 INFO o.a.j.t.JMeterThread: Stopping because end time detected by thread: Concurrent Admin Users 1-59
2026-04-07 22:37:14,957 INFO o.a.j.t.JMeterThread: Thread finished: Concurrent Admin Users 1-59
2026-04-07 22:37:14,958 INFO o.a.j.t.JMeterThread: Stopping because end time detected by thread: Concurrent Admin Users 1-4
2026-04-07 22:37:14,958 INFO o.a.j.t.JMeterThread: Thread finished: Concurrent Admin Users 1-4
2026-04-07 22:37:14,960 INFO o.a.j.t.JMeterThread: Stopping because end time detected by thread: Concurrent Admin Users 1-50
2026-04-07 22:37:14,960 INFO o.a.j.t.JMeterThread: Thread finished: Concurrent Admin Users 1-50
2026-04-07 22:37:14,960 INFO o.a.j.t.JMeterThread: Stopping because end time detected by thread: Concurrent Admin Users 1-47
2026-04-07 22:37:14,960 INFO o.a.j.t.JMeterThread: Stopping because end time detected by thread: Concurrent Admin Users 1-42
2026-04-07 22:37:14,960 INFO o.a.j.t.JMeterThread: Thread finished: Concurrent Admin Users 1-47
2026-04-07 22:37:14,960 INFO o.a.j.t.JMeterThread: Thread finished: Concurrent Admin Users 1-42
2026-04-07 22:37:14,961 INFO o.a.j.t.JMeterThread: Stopping because end time detected by thread: Concurrent Admin Users 1-58
2026-04-07 22:37:14,961 INFO o.a.j.t.JMeterThread: Thread finished: Concurrent Admin Users 1-58
2026-04-07 22:37:14,964 INFO o.a.j.t.JMeterThread: Stopping because end time detected by thread: Concurrent Admin Users 1-89
2026-04-07 22:37:14,964 INFO o.a.j.t.JMeterThread: Stopping because end time detected by thread: Concurrent Admin Users 1-31
2026-04-07 22:37:14,964 INFO o.a.j.t.JMeterThread: Stopping because end time detected by thread: Concurrent Admin Users 1-35
2026-04-07 22:37:14,964 INFO o.a.j.t.JMeterThread: Stopping because end time detected by thread: Concurrent Admin Users 1-6
2026-04-07 22:37:14,964 INFO o.a.j.t.JMeterThread: Thread finished: Concurrent Admin Users 1-89
2026-04-07 22:37:14,964 INFO o.a.j.t.JMeterThread: Thread finished: Concurrent Admin Users 1-31
2026-04-07 22:37:14,964 INFO o.a.j.t.JMeterThread: Thread finished: Concurrent Admin Users 1-35
2026-04-07 22:37:14,964 INFO o.a.j.t.JMeterThread: Thread finished: Concurrent Admin Users 1-6
2026-04-07 22:37:14,965 INFO o.a.j.t.JMeterThread: Stopping because end time detected by thread: Concurrent Admin Users 1-54
2026-04-07 22:37:14,965 INFO o.a.j.t.JMeterThread: Thread finished: Concurrent Admin Users 1-54
2026-04-07 22:37:14,967 INFO o.a.j.t.JMeterThread: Stopping because end time detected by thread: Concurrent Admin Users 1-32
2026-04-07 22:37:14,968 INFO o.a.j.t.JMeterThread: Thread finished: Concurrent Admin Users 1-32
2026-04-07 22:37:14,968 INFO o.a.j.t.JMeterThread: Stopping because end time detected by thread: Concurrent Admin Users 1-96
2026-04-07 22:37:14,968 INFO o.a.j.t.JMeterThread: Thread finished: Concurrent Admin Users 1-96
2026-04-07 22:37:14,968 INFO o.a.j.t.JMeterThread: Stopping because end time detected by thread: Concurrent Admin Users 1-55
2026-04-07 22:37:14,969 INFO o.a.j.t.JMeterThread: Thread finished: Concurrent Admin Users 1-55
2026-04-07 22:37:14,969 INFO o.a.j.t.JMeterThread: Stopping because end time detected by thread: Concurrent Admin Users 1-65
2026-04-07 22:37:14,969 INFO o.a.j.t.JMeterThread: Thread finished: Concurrent Admin Users 1-65
2026-04-07 22:37:14,969 INFO o.a.j.t.JMeterThread: Stopping because end time detected by thread: Concurrent Admin Users 1-27
2026-04-07 22:37:14,969 INFO o.a.j.t.JMeterThread: Thread finished: Concurrent Admin Users 1-27
2026-04-07 22:37:14,972 INFO o.a.j.t.JMeterThread: Stopping because end time detected by thread: Concurrent Admin Users 1-85
2026-04-07 22:37:14,972 INFO o.a.j.t.JMeterThread: Thread finished: Concurrent Admin Users 1-85
2026-04-07 22:37:14,973 INFO o.a.j.t.JMeterThread: Stopping because end time detected by thread: Concurrent Admin Users 1-8
2026-04-07 22:37:14,973 INFO o.a.j.t.JMeterThread: Stopping because end time detected by thread: Concurrent Admin Users 1-13
2026-04-07 22:37:14,974 INFO o.a.j.t.JMeterThread: Thread finished: Concurrent Admin Users 1-8
2026-04-07 22:37:14,974 INFO o.a.j.t.JMeterThread: Thread finished: Concurrent Admin Users 1-13
2026-04-07 22:37:14,974 INFO o.a.j.t.JMeterThread: Stopping because end time detected by thread: Concurrent Admin Users 1-86
2026-04-07 22:37:14,974 INFO o.a.j.t.JMeterThread: Stopping because end time detected by thread: Concurrent Admin Users 1-2
2026-04-07 22:37:14,974 INFO o.a.j.t.JMeterThread: Thread finished: Concurrent Admin Users 1-86
2026-04-07 22:37:14,974 INFO o.a.j.t.JMeterThread: Thread finished: Concurrent Admin Users 1-2
2026-04-07 22:37:14,974 INFO o.a.j.t.JMeterThread: Stopping because end time detected by thread: Concurrent Admin Users 1-46
2026-04-07 22:37:14,974 INFO o.a.j.t.JMeterThread: Thread finished: Concurrent Admin Users 1-46
2026-04-07 22:37:14,975 INFO o.a.j.t.JMeterThread: Stopping because end time detected by thread: Concurrent Admin Users 1-92
2026-04-07 22:37:14,975 INFO o.a.j.t.JMeterThread: Thread finished: Concurrent Admin Users 1-92
2026-04-07 22:37:14,975 INFO o.a.j.t.JMeterThread: Stopping because end time detected by thread: Concurrent Admin Users 1-19
2026-04-07 22:37:14,975 INFO o.a.j.t.JMeterThread: Thread finished: Concurrent Admin Users 1-19
2026-04-07 22:37:14,976 INFO o.a.j.t.JMeterThread: Stopping because end time detected by thread: Concurrent Admin Users 1-21
2026-04-07 22:37:14,976 INFO o.a.j.t.JMeterThread: Thread finished: Concurrent Admin Users 1-21
2026-04-07 22:37:14,976 INFO o.a.j.t.JMeterThread: Stopping because end time detected by thread: Concurrent Admin Users 1-48
2026-04-07 22:37:14,976 INFO o.a.j.t.JMeterThread: Stopping because end time detected by thread: Concurrent Admin Users 1-99
2026-04-07 22:37:14,977 INFO o.a.j.t.JMeterThread: Thread finished: Concurrent Admin Users 1-48
2026-04-07 22:37:14,977 INFO o.a.j.t.JMeterThread: Thread finished: Concurrent Admin Users 1-99
2026-04-07 22:37:14,977 INFO o.a.j.t.JMeterThread: Stopping because end time detected by thread: Concurrent Admin Users 1-52
2026-04-07 22:37:14,977 INFO o.a.j.t.JMeterThread: Thread finished: Concurrent Admin Users 1-52
2026-04-07 22:37:14,979 INFO o.a.j.t.JMeterThread: Stopping because end time detected by thread: Concurrent Admin Users 1-44
2026-04-07 22:37:14,979 INFO o.a.j.t.JMeterThread: Stopping because end time detected by thread: Concurrent Admin Users 1-80
2026-04-07 22:37:14,979 INFO o.a.j.t.JMeterThread: Thread finished: Concurrent Admin Users 1-44
2026-04-07 22:37:14,979 INFO o.a.j.t.JMeterThread: Thread finished: Concurrent Admin Users 1-80
2026-04-07 22:37:14,980 INFO o.a.j.t.JMeterThread: Stopping because end time detected by thread: Concurrent Admin Users 1-100
2026-04-07 22:37:14,980 INFO o.a.j.t.JMeterThread: Stopping because end time detected by thread: Concurrent Admin Users 1-3
2026-04-07 22:37:14,980 INFO o.a.j.t.JMeterThread: Thread finished: Concurrent Admin Users 1-100
2026-04-07 22:37:14,980 INFO o.a.j.t.JMeterThread: Stopping because end time detected by thread: Concurrent Admin Users 1-53
2026-04-07 22:37:14,980 INFO o.a.j.t.JMeterThread: Thread finished: Concurrent Admin Users 1-3
2026-04-07 22:37:14,980 INFO o.a.j.t.JMeterThread: Thread finished: Concurrent Admin Users 1-53
2026-04-07 22:37:14,980 INFO o.a.j.t.JMeterThread: Stopping because end time detected by thread: Concurrent Admin Users 1-62
2026-04-07 22:37:14,980 INFO o.a.j.t.JMeterThread: Stopping because end time detected by thread: Concurrent Admin Users 1-63
2026-04-07 22:37:14,980 INFO o.a.j.t.JMeterThread: Thread finished: Concurrent Admin Users 1-62
2026-04-07 22:37:14,980 INFO o.a.j.t.JMeterThread: Thread finished: Concurrent Admin Users 1-63
2026-04-07 22:37:14,982 INFO o.a.j.t.JMeterThread: Stopping because end time detected by thread: Concurrent Admin Users 1-11
2026-04-07 22:37:14,982 INFO o.a.j.t.JMeterThread: Thread finished: Concurrent Admin Users 1-11
2026-04-07 22:37:14,982 INFO o.a.j.t.JMeterThread: Stopping because end time detected by thread: Concurrent Admin Users 1-7
2026-04-07 22:37:14,983 INFO o.a.j.t.JMeterThread: Thread finished: Concurrent Admin Users 1-7
2026-04-07 22:37:14,983 INFO o.a.j.t.JMeterThread: Stopping because end time detected by thread: Concurrent Admin Users 1-49
2026-04-07 22:37:14,983 INFO o.a.j.t.JMeterThread: Thread finished: Concurrent Admin Users 1-49
2026-04-07 22:37:14,984 INFO o.a.j.t.JMeterThread: Stopping because end time detected by thread: Concurrent Admin Users 1-71
2026-04-07 22:37:14,984 INFO o.a.j.t.JMeterThread: Thread finished: Concurrent Admin Users 1-71
2026-04-07 22:37:14,984 INFO o.a.j.t.JMeterThread: Stopping because end time detected by thread: Concurrent Admin Users 1-94
2026-04-07 22:37:14,984 INFO o.a.j.t.JMeterThread: Thread finished: Concurrent Admin Users 1-94
2026-04-07 22:37:14,984 INFO o.a.j.t.JMeterThread: Stopping because end time detected by thread: Concurrent Admin Users 1-87
2026-04-07 22:37:14,984 INFO o.a.j.t.JMeterThread: Thread finished: Concurrent Admin Users 1-87
2026-04-07 22:37:14,985 INFO o.a.j.t.JMeterThread: Stopping because end time detected by thread: Concurrent Admin Users 1-67
2026-04-07 22:37:14,985 INFO o.a.j.t.JMeterThread: Stopping because end time detected by thread: Concurrent Admin Users 1-20
2026-04-07 22:37:14,985 INFO o.a.j.t.JMeterThread: Thread finished: Concurrent Admin Users 1-67
2026-04-07 22:37:14,985 INFO o.a.j.t.JMeterThread: Stopping because end time detected by thread: Concurrent Admin Users 1-51
2026-04-07 22:37:14,985 INFO o.a.j.t.JMeterThread: Stopping because end time detected by thread: Concurrent Admin Users 1-60
2026-04-07 22:37:14,985 INFO o.a.j.t.JMeterThread: Thread finished: Concurrent Admin Users 1-20
2026-04-07 22:37:14,985 INFO o.a.j.t.JMeterThread: Thread finished: Concurrent Admin Users 1-51
2026-04-07 22:37:14,985 INFO o.a.j.t.JMeterThread: Thread finished: Concurrent Admin Users 1-60
2026-04-07 22:37:14,985 INFO o.a.j.t.JMeterThread: Stopping because end time detected by thread: Concurrent Admin Users 1-84
2026-04-07 22:37:14,986 INFO o.a.j.t.JMeterThread: Thread finished: Concurrent Admin Users 1-84
2026-04-07 22:37:14,987 INFO o.a.j.t.JMeterThread: Stopping because end time detected by thread: Concurrent Admin Users 1-5
2026-04-07 22:37:14,988 INFO o.a.j.t.JMeterThread: Thread finished: Concurrent Admin Users 1-5
2026-04-07 22:37:14,988 INFO o.a.j.t.JMeterThread: Stopping because end time detected by thread: Concurrent Admin Users 1-90
2026-04-07 22:37:14,988 INFO o.a.j.t.JMeterThread: Thread finished: Concurrent Admin Users 1-90
2026-04-07 22:37:14,989 INFO o.a.j.e.StandardJMeterEngine: Notifying test listeners of end of test
2026-04-07 22:37:14,991 INFO o.a.j.r.Summariser: summary +   5446 in 00:00:15 =  363.3/s Avg:   276 Min:    48 Max:  1149 Err:     0 (0.00%) Active: 0 Started: 100 Finished: 100
2026-04-07 22:37:14,992 INFO o.a.j.r.Summariser: summary =  21121 in 00:01:00 =  351.0/s Avg:   237 Min:     2 Max:  1149 Err:     0 (0.00%)
2026-04-07 22:37:14,992 INFO o.a.j.JMeter: Generating Dashboard
2026-04-07 22:37:14,992 INFO o.a.j.r.d.ReportGenerator: Flushing result collector before report Generation
2026-04-07 22:37:15,023 INFO o.a.j.r.p.NormalizerSampleConsumer: Using format, 'ms', to parse timeStamp field
2026-04-07 22:37:16,021 INFO o.a.j.r.p.AbstractSampleConsumer: class org.apache.jmeter.report.processor.AggregateConsumer#stopProducing(): beginDate produced 0 samples
2026-04-07 22:37:16,022 INFO o.a.j.r.p.AbstractSampleConsumer: class org.apache.jmeter.report.processor.AggregateConsumer#stopProducing(): endDate produced 0 samples
2026-04-07 22:37:16,025 INFO o.a.j.r.p.AbstractSampleConsumer: class org.apache.jmeter.report.processor.ApdexSummaryConsumer#stopProducing(): apdexSummary produced 0 samples
2026-04-07 22:37:16,025 INFO o.a.j.r.p.AbstractSampleConsumer: class org.apache.jmeter.report.processor.RequestsSummaryConsumer#stopProducing(): requestsSummary produced 0 samples
2026-04-07 22:37:16,037 INFO o.a.j.r.p.AbstractSampleConsumer: class org.apache.jmeter.report.processor.StatisticsSummaryConsumer#stopProducing(): statisticsSummary produced 0 samples
2026-04-07 22:37:16,042 INFO o.a.j.r.p.AbstractSampleConsumer: class org.apache.jmeter.report.processor.Top5ErrorsBySamplerConsumer#stopProducing(): top5ErrorsBySampler produced 0 samples
2026-04-07 22:37:16,042 INFO o.a.j.r.p.AbstractSampleConsumer: class org.apache.jmeter.report.processor.ErrorsSummaryConsumer#stopProducing(): errorsSummary produced 0 samples
2026-04-07 22:37:16,042 INFO o.a.j.r.p.AbstractSampleConsumer: class org.apache.jmeter.report.processor.graph.impl.HitsPerSecondGraphConsumer#stopProducing(): hitsPerSecond produced 0 samples
2026-04-07 22:37:16,328 INFO o.a.j.r.p.AbstractSampleConsumer: class org.apache.jmeter.report.processor.graph.impl.LatencyVSRequestGraphConsumer#stopProducing(): latencyVsRequest produced 0 samples
2026-04-07 22:37:16,331 INFO o.a.j.r.p.AbstractSampleConsumer: class org.apache.jmeter.report.processor.graph.impl.SyntheticResponseTimeDistributionGraphConsumer#stopProducing(): syntheticResponseTimeDistribution produced 0 samples
2026-04-07 22:37:16,333 INFO o.a.j.r.p.AbstractSampleConsumer: class org.apache.jmeter.report.processor.graph.impl.BytesThroughputGraphConsumer#stopProducing(): bytesThroughputOverTime produced 0 samples
2026-04-07 22:37:16,333 INFO o.a.j.r.p.AbstractSampleConsumer: class org.apache.jmeter.report.processor.graph.impl.CodesPerSecondGraphConsumer#stopProducing(): codesPerSecond produced 0 samples
2026-04-07 22:37:16,559 INFO o.a.j.r.p.AbstractSampleConsumer: class org.apache.jmeter.report.processor.graph.impl.ResponseTimeVSRequestGraphConsumer#stopProducing(): responseTimeVsRequest produced 0 samples
2026-04-07 22:37:16,561 INFO o.a.j.r.p.AbstractSampleConsumer: class org.apache.jmeter.report.processor.FilterConsumer#stopProducing(): startIntervalControlerFilter produced 147847 samples
2026-04-07 22:37:16,561 INFO o.a.j.r.p.AbstractSampleConsumer: class org.apache.jmeter.report.processor.graph.impl.TotalTPSGraphConsumer#stopProducing(): totalTPS produced 0 samples
2026-04-07 22:37:16,561 INFO o.a.j.r.p.AbstractSampleConsumer: class org.apache.jmeter.report.processor.graph.impl.ActiveThreadsGraphConsumer#stopProducing(): activeThreadsOverTime produced 0 samples
2026-04-07 22:37:16,561 INFO o.a.j.r.p.AbstractSampleConsumer: class org.apache.jmeter.report.processor.graph.impl.TimeVSThreadGraphConsumer#stopProducing(): timeVsThreads produced 0 samples
2026-04-07 22:37:16,561 INFO o.a.j.r.p.AbstractSampleConsumer: class org.apache.jmeter.report.processor.graph.impl.ResponseTimeDistributionGraphConsumer#stopProducing(): responseTimeDistribution produced 0 samples
2026-04-07 22:37:16,561 INFO o.a.j.r.p.AbstractSampleConsumer: class org.apache.jmeter.report.processor.graph.impl.TransactionsPerSecondGraphConsumer#stopProducing(): transactionsPerSecond produced 0 samples
2026-04-07 22:37:16,561 INFO o.a.j.r.p.AbstractSampleConsumer: class org.apache.jmeter.report.processor.graph.impl.ResponseTimePercentilesGraphConsumer#stopProducing(): responseTimePercentiles produced 0 samples
2026-04-07 22:37:16,563 INFO o.a.j.r.p.AbstractSampleConsumer: class org.apache.jmeter.report.processor.graph.impl.ResponseTimePercentilesOverTimeGraphConsumer#stopProducing(): responseTimePercentilesOverTime produced 0 samples
2026-04-07 22:37:16,564 INFO o.a.j.r.p.AbstractSampleConsumer: class org.apache.jmeter.report.processor.graph.impl.ResponseTimeOverTimeGraphConsumer#stopProducing(): responseTimesOverTime produced 0 samples
2026-04-07 22:37:16,564 INFO o.a.j.r.p.AbstractSampleConsumer: class org.apache.jmeter.report.processor.graph.impl.ConnectTimeOverTimeGraphConsumer#stopProducing(): connectTimeOverTime produced 0 samples
2026-04-07 22:37:16,564 INFO o.a.j.r.p.AbstractSampleConsumer: class org.apache.jmeter.report.processor.graph.impl.LatencyOverTimeGraphConsumer#stopProducing(): latenciesOverTime produced 0 samples
2026-04-07 22:37:16,565 INFO o.a.j.r.p.AbstractSampleConsumer: class org.apache.jmeter.report.processor.FilterConsumer#stopProducing(): nameFilter produced 316815 samples
2026-04-07 22:37:16,565 INFO o.a.j.r.p.AbstractSampleConsumer: class org.apache.jmeter.report.processor.FilterConsumer#stopProducing(): dateRangeFilter produced 63363 samples
2026-04-07 22:37:16,565 INFO o.a.j.r.p.AbstractSampleConsumer: class org.apache.jmeter.report.processor.NormalizerSampleConsumer#stopProducing(): normalizer produced 21121 samples
2026-04-07 22:37:16,567 INFO o.a.j.r.p.CsvFileSampleSource: produce(): 21121 samples produced in 1s 495 ms on channel 0
2026-04-07 22:37:16,567 INFO o.a.j.r.d.ReportGenerator: Exporting data using exporter:'json' of className:'org.apache.jmeter.report.dashboard.JsonExporter'
2026-04-07 22:37:16,659 INFO o.a.j.r.d.JsonExporter: Found data for consumer statisticsSummary in context
2026-04-07 22:37:16,659 INFO o.a.j.r.d.JsonExporter: Creating statistics for overall
2026-04-07 22:37:16,660 INFO o.a.j.r.d.JsonExporter: Creating statistics for other transactions
2026-04-07 22:37:16,661 INFO o.a.j.r.d.JsonExporter: Checking output folder
2026-04-07 22:37:16,661 INFO o.a.j.r.d.JsonExporter: Writing statistics JSON to D:\Java Code\IdeaProjects\spring-boot-management-system\tmp\jmeter\admin-dashboard-100u-60s-report\statistics.json
2026-04-07 22:37:16,734 INFO o.a.j.r.d.ReportGenerator: Exporting data using exporter:'html' of className:'org.apache.jmeter.report.dashboard.HtmlTemplateExporter'
2026-04-07 22:37:16,737 INFO o.a.j.r.d.HtmlTemplateExporter: Will generate dashboard in folder: D:\Java Code\IdeaProjects\spring-boot-management-system\tmp\jmeter\admin-dashboard-100u-60s-report
2026-04-07 22:37:16,919 INFO o.a.j.r.d.HtmlTemplateExporter: Report will be generated in: D:\Java Code\IdeaProjects\spring-boot-management-system\tmp\jmeter\admin-dashboard-100u-60s-report, creating folder structure
2026-04-07 22:37:16,924 INFO o.a.j.r.d.TemplateVisitor: Copying folder from 'D:\Java Code\IdeaProjects\spring-boot-management-system\tools\apache-jmeter-5.6.3\apache-jmeter-5.6.3\bin\report-template' to 'D:\Java Code\IdeaProjects\spring-boot-management-system\tmp\jmeter\admin-dashboard-100u-60s-report', got message: D:\Java Code\IdeaProjects\spring-boot-management-system\tmp\jmeter\admin-dashboard-100u-60s-report, found non empty folder with following content [D:\Java Code\IdeaProjects\spring-boot-management-system\tmp\jmeter\admin-dashboard-100u-60s-report\statistics.json], will be ignored
2026-04-07 22:37:17,366 INFO o.a.j.JMeter: Dashboard generated
